<?xml version="1.0" encoding="UTF-8"?>
<coverage generated="1765248282887" clover="3.2.0">
  <project timestamp="1765248282887" name="All files">
    <metrics statements="421" coveredstatements="390" conditionals="649" coveredconditionals="550" methods="43" coveredmethods="40" elements="1113" coveredelements="980" complexity="0" loc="421" ncloc="421" packages="1" files="9" classes="9"/>
    <file name="aggregation.js" path="/Users/torinturner/Documents/GitHub/RiskDash/src/aggregation.js">
      <metrics statements="74" coveredstatements="74" conditionals="81" coveredconditionals="68" methods="9" coveredmethods="9"/>
      <line num="13" count="2" type="cond" truecount="1" falsecount="0"/>
      <line num="14" count="22" type="stmt"/>
      <line num="17" count="22" type="stmt"/>
      <line num="18" count="1046" type="cond" truecount="2" falsecount="0"/>
      <line num="19" count="34" type="cond" truecount="2" falsecount="0"/>
      <line num="24" count="34" type="stmt"/>
      <line num="26" count="1046" type="stmt"/>
      <line num="30" count="22" type="stmt"/>
      <line num="31" count="34" type="stmt"/>
      <line num="32" count="34" type="stmt"/>
      <line num="34" count="34" type="stmt"/>
      <line num="53" count="34" type="stmt"/>
      <line num="55" count="1046" type="cond" truecount="2" falsecount="0"/>
      <line num="56" count="1042" type="cond" truecount="2" falsecount="0"/>
      <line num="57" count="1042" type="cond" truecount="2" falsecount="0"/>
      <line num="58" count="1041" type="stmt"/>
      <line num="59" count="1041" type="stmt"/>
      <line num="61" count="1042" type="cond" truecount="1" falsecount="1"/>
      <line num="62" count="1042" type="stmt"/>
      <line num="63" count="1042" type="stmt"/>
      <line num="65" count="1042" type="cond" truecount="1" falsecount="1"/>
      <line num="66" count="1042" type="stmt"/>
      <line num="67" count="1042" type="stmt"/>
      <line num="71" count="1046" type="cond" truecount="2" falsecount="0"/>
      <line num="72" count="1046" type="cond" truecount="1" falsecount="1"/>
      <line num="73" count="1046" type="stmt"/>
      <line num="74" count="1046" type="stmt"/>
      <line num="76" count="1046" type="cond" truecount="1" falsecount="1"/>
      <line num="77" count="1046" type="stmt"/>
      <line num="78" count="1046" type="stmt"/>
      <line num="80" count="1046" type="cond" truecount="1" falsecount="1"/>
      <line num="81" count="1046" type="stmt"/>
      <line num="82" count="1046" type="stmt"/>
      <line num="86" count="1046" type="cond" truecount="2" falsecount="0"/>
      <line num="87" count="1041" type="cond" truecount="2" falsecount="0"/>
      <line num="88" count="170" type="cond" truecount="1" falsecount="1"/>
      <line num="91" count="1046" type="cond" truecount="4" falsecount="0"/>
      <line num="95" count="34" type="cond" truecount="2" falsecount="0"/>
      <line num="96" count="34" type="cond" truecount="1" falsecount="1"/>
      <line num="97" count="34" type="cond" truecount="1" falsecount="1"/>
      <line num="98" count="34" type="cond" truecount="1" falsecount="1"/>
      <line num="99" count="34" type="cond" truecount="1" falsecount="1"/>
      <line num="100" count="34" type="cond" truecount="1" falsecount="1"/>
      <line num="102" count="34" type="stmt"/>
      <line num="106" count="22" type="stmt"/>
      <line num="107" count="34" type="stmt"/>
      <line num="108" count="34" type="stmt"/>
      <line num="118" count="2" type="stmt"/>
      <line num="119" count="13" type="stmt"/>
      <line num="130" count="13" type="stmt"/>
      <line num="131" count="13" type="stmt"/>
      <line num="133" count="13" type="stmt"/>
      <line num="135" count="1033" type="cond" truecount="2" falsecount="0"/>
      <line num="136" count="1029" type="cond" truecount="2" falsecount="0"/>
      <line num="137" count="159" type="cond" truecount="1" falsecount="1"/>
      <line num="140" count="1033" type="cond" truecount="6" falsecount="0"/>
      <line num="143" count="1033" type="cond" truecount="4" falsecount="0"/>
      <line num="146" count="1033" type="cond" truecount="4" falsecount="0"/>
      <line num="147" count="1033" type="cond" truecount="2" falsecount="0"/>
      <line num="150" count="1033" type="cond" truecount="4" falsecount="0"/>
      <line num="151" count="1033" type="cond" truecount="1" falsecount="1"/>
      <line num="155" count="13" type="cond" truecount="2" falsecount="0"/>
      <line num="156" count="2059" type="stmt"/>
      <line num="158" count="13" type="cond" truecount="2" falsecount="0"/>
      <line num="159" count="2063" type="stmt"/>
      <line num="162" count="13" type="stmt"/>
      <line num="172" count="2" type="stmt"/>
      <line num="173" count="5" type="stmt"/>
      <line num="174" count="5" type="stmt"/>
      <line num="175" count="12" type="cond" truecount="2" falsecount="0"/>
      <line num="176" count="12" type="cond" truecount="2" falsecount="0"/>
      <line num="177" count="12" type="stmt"/>
      <line num="179" count="5" type="stmt"/>
      <line num="182" count="2" type="stmt"/>
    </file>
    <file name="colorClassification.js" path="/Users/torinturner/Documents/GitHub/RiskDash/src/colorClassification.js">
      <metrics statements="48" coveredstatements="48" conditionals="110" coveredconditionals="90" methods="9" coveredmethods="9"/>
      <line num="11" count="2" type="stmt"/>
      <line num="23" count="2" type="cond" truecount="1" falsecount="0"/>
      <line num="24" count="102" type="cond" truecount="4" falsecount="0"/>
      <line num="25" count="98" type="cond" truecount="1" falsecount="1"/>
      <line num="26" count="98" type="cond" truecount="1" falsecount="1"/>
      <line num="27" count="98" type="cond" truecount="4" falsecount="0"/>
      <line num="36" count="2" type="cond" truecount="1" falsecount="0"/>
      <line num="37" count="5" type="cond" truecount="4" falsecount="0"/>
      <line num="38" count="4" type="cond" truecount="1" falsecount="1"/>
      <line num="39" count="4" type="cond" truecount="1" falsecount="1"/>
      <line num="40" count="4" type="cond" truecount="4" falsecount="0"/>
      <line num="49" count="2" type="cond" truecount="1" falsecount="0"/>
      <line num="50" count="3" type="cond" truecount="3" falsecount="1"/>
      <line num="51" count="3" type="cond" truecount="1" falsecount="1"/>
      <line num="52" count="3" type="cond" truecount="1" falsecount="1"/>
      <line num="53" count="3" type="cond" truecount="4" falsecount="0"/>
      <line num="66" count="2" type="cond" truecount="1" falsecount="0"/>
      <line num="67" count="80" type="cond" truecount="4" falsecount="0"/>
      <line num="68" count="76" type="cond" truecount="1" falsecount="1"/>
      <line num="69" count="76" type="cond" truecount="1" falsecount="1"/>
      <line num="70" count="76" type="cond" truecount="4" falsecount="0"/>
      <line num="83" count="2" type="cond" truecount="1" falsecount="0"/>
      <line num="84" count="25" type="cond" truecount="2" falsecount="0"/>
      <line num="85" count="19" type="stmt"/>
      <line num="86" count="19" type="cond" truecount="2" falsecount="0"/>
      <line num="87" count="14" type="stmt"/>
      <line num="88" count="14" type="cond" truecount="1" falsecount="1"/>
      <line num="89" count="14" type="cond" truecount="1" falsecount="1"/>
      <line num="90" count="14" type="cond" truecount="4" falsecount="0"/>
      <line num="100" count="2" type="cond" truecount="1" falsecount="0"/>
      <line num="101" count="6" type="cond" truecount="3" falsecount="1"/>
      <line num="102" count="6" type="cond" truecount="1" falsecount="1"/>
      <line num="103" count="6" type="cond" truecount="1" falsecount="1"/>
      <line num="104" count="6" type="cond" truecount="4" falsecount="0"/>
      <line num="113" count="2" type="cond" truecount="1" falsecount="0"/>
      <line num="114" count="3" type="cond" truecount="3" falsecount="1"/>
      <line num="115" count="3" type="cond" truecount="1" falsecount="1"/>
      <line num="116" count="3" type="cond" truecount="1" falsecount="1"/>
      <line num="117" count="3" type="cond" truecount="4" falsecount="0"/>
      <line num="126" count="2" type="cond" truecount="1" falsecount="0"/>
      <line num="127" count="3" type="cond" truecount="3" falsecount="1"/>
      <line num="128" count="3" type="cond" truecount="1" falsecount="1"/>
      <line num="129" count="3" type="cond" truecount="1" falsecount="1"/>
      <line num="130" count="3" type="cond" truecount="4" falsecount="0"/>
      <line num="138" count="2" type="stmt"/>
      <line num="139" count="6" type="cond" truecount="4" falsecount="0"/>
      <line num="140" count="4" type="cond" truecount="2" falsecount="0"/>
      <line num="143" count="2" type="stmt"/>
    </file>
    <file name="dataModels.js" path="/Users/torinturner/Documents/GitHub/RiskDash/src/dataModels.js">
      <metrics statements="17" coveredstatements="15" conditionals="10" coveredconditionals="3" methods="8" coveredmethods="5"/>
      <line num="16" count="1244" type="cond" truecount="0" falsecount="1"/>
      <line num="70" count="3" type="cond" truecount="0" falsecount="1"/>
      <line num="80" count="3" type="cond" truecount="1" falsecount="0"/>
      <line num="81" count="1238" type="stmt"/>
      <line num="82" count="1238" type="stmt"/>
      <line num="84" count="1238" type="stmt"/>
      <line num="128" count="3" type="cond" truecount="1" falsecount="0"/>
      <line num="129" count="7" type="stmt"/>
      <line num="142" count="3" type="cond" truecount="1" falsecount="0"/>
      <line num="143" count="6" type="stmt"/>
      <line num="172" count="3" type="cond" truecount="0" falsecount="1"/>
      <line num="173" count="12" type="stmt"/>
      <line num="184" count="3" type="stmt"/>
      <line num="196" count="3" type="stmt"/>
      <line num="197" count="0" type="cond" truecount="0" falsecount="2"/>
      <line num="198" count="0" type="cond" truecount="0" falsecount="2"/>
      <line num="201" count="3" type="stmt"/>
    </file>
    <file name="dynamicLegend.js" path="/Users/torinturner/Documents/GitHub/RiskDash/src/dynamicLegend.js">
      <metrics statements="40" coveredstatements="40" conditionals="70" coveredconditionals="67" methods="3" coveredmethods="3"/>
      <line num="6" count="2" type="stmt"/>
      <line num="15" count="2" type="stmt"/>
      <line num="16" count="52" type="cond" truecount="2" falsecount="0"/>
      <line num="19" count="52" type="stmt"/>
      <line num="22" count="52" type="cond" truecount="4" falsecount="0"/>
      <line num="23" count="38" type="stmt"/>
      <line num="25" count="52" type="cond" truecount="4" falsecount="0"/>
      <line num="26" count="1" type="stmt"/>
      <line num="28" count="52" type="cond" truecount="4" falsecount="0"/>
      <line num="29" count="1" type="stmt"/>
      <line num="31" count="52" type="cond" truecount="4" falsecount="0"/>
      <line num="32" count="37" type="stmt"/>
      <line num="34" count="52" type="cond" truecount="4" falsecount="0"/>
      <line num="35" count="1" type="stmt"/>
      <line num="37" count="52" type="cond" truecount="4" falsecount="0"/>
      <line num="38" count="1" type="stmt"/>
      <line num="41" count="52" type="stmt"/>
      <line num="44" count="52" type="stmt"/>
      <line num="50" count="52" type="cond" truecount="4" falsecount="0"/>
      <line num="51" count="36" type="stmt"/>
      <line num="53" count="52" type="cond" truecount="4" falsecount="0"/>
      <line num="54" count="1" type="stmt"/>
      <line num="58" count="52" type="cond" truecount="2" falsecount="0"/>
      <line num="59" count="52" type="cond" truecount="2" falsecount="0"/>
      <line num="61" count="52" type="stmt"/>
      <line num="64" count="52" type="stmt"/>
      <line num="70" count="52" type="cond" truecount="4" falsecount="0"/>
      <line num="71" count="1" type="cond" truecount="1" falsecount="1"/>
      <line num="73" count="52" type="cond" truecount="4" falsecount="0"/>
      <line num="74" count="1" type="cond" truecount="1" falsecount="1"/>
      <line num="78" count="52" type="cond" truecount="2" falsecount="0"/>
      <line num="81" count="52" type="cond" truecount="4" falsecount="0"/>
      <line num="82" count="3" type="cond" truecount="1" falsecount="1"/>
      <line num="85" count="52" type="stmt"/>
      <line num="87" count="52" type="stmt"/>
      <line num="96" count="2" type="stmt"/>
      <line num="97" count="7" type="cond" truecount="2" falsecount="0"/>
      <line num="98" count="4" type="stmt"/>
      <line num="99" count="4" type="cond" truecount="2" falsecount="0"/>
      <line num="103" count="2" type="stmt"/>
    </file>
    <file name="encoding.js" path="/Users/torinturner/Documents/GitHub/RiskDash/src/encoding.js">
      <metrics statements="28" coveredstatements="26" conditionals="4" coveredconditionals="2" methods="3" coveredmethods="3"/>
      <line num="13" count="2" type="stmt"/>
      <line num="14" count="44" type="stmt"/>
      <line num="18" count="44" type="cond" truecount="1" falsecount="1"/>
      <line num="20" count="44" type="stmt"/>
      <line num="23" count="0" type="stmt"/>
      <line num="27" count="44" type="stmt"/>
      <line num="28" count="44" type="stmt"/>
      <line num="29" count="108446" type="stmt"/>
      <line num="30" count="108446" type="stmt"/>
      <line num="33" count="43" type="stmt"/>
      <line num="42" count="2" type="stmt"/>
      <line num="43" count="26" type="stmt"/>
      <line num="47" count="26" type="cond" truecount="1" falsecount="1"/>
      <line num="49" count="26" type="stmt"/>
      <line num="52" count="0" type="stmt"/>
      <line num="55" count="24" type="stmt"/>
      <line num="58" count="23" type="stmt"/>
      <line num="59" count="23" type="stmt"/>
      <line num="60" count="97751" type="stmt"/>
      <line num="61" count="97751" type="stmt"/>
      <line num="64" count="23" type="stmt"/>
      <line num="72" count="2" type="stmt"/>
      <line num="73" count="10" type="stmt"/>
      <line num="74" count="10" type="stmt"/>
      <line num="75" count="100058" type="stmt"/>
      <line num="76" count="100058" type="stmt"/>
      <line num="78" count="10" type="stmt"/>
      <line num="81" count="2" type="stmt"/>
    </file>
    <file name="index.js" path="/Users/torinturner/Documents/GitHub/RiskDash/src/index.js">
      <metrics statements="9" coveredstatements="0" conditionals="0" coveredconditionals="0" methods="0" coveredmethods="0"/>
      <line num="6" count="0" type="stmt"/>
      <line num="7" count="0" type="stmt"/>
      <line num="8" count="0" type="stmt"/>
      <line num="9" count="0" type="stmt"/>
      <line num="10" count="0" type="stmt"/>
      <line num="11" count="0" type="stmt"/>
      <line num="12" count="0" type="stmt"/>
      <line num="13" count="0" type="stmt"/>
      <line num="15" count="0" type="stmt"/>
    </file>
    <file name="riskCalculator.js" path="/Users/torinturner/Documents/GitHub/RiskDash/src/riskCalculator.js">
      <metrics statements="172" coveredstatements="154" conditionals="324" coveredconditionals="270" methods="4" coveredmethods="4"/>
      <line num="6" count="2" type="stmt"/>
      <line num="13" count="2" type="stmt"/>
      <line num="14" count="2180" type="cond" truecount="2" falsecount="0"/>
      <line num="15" count="2142" type="stmt"/>
      <line num="16" count="2142" type="cond" truecount="2" falsecount="0"/>
      <line num="17" count="2141" type="stmt"/>
      <line num="18" count="2141" type="cond" truecount="3" falsecount="1"/>
      <line num="36" count="2" type="cond" truecount="1" falsecount="0"/>
      <line num="38" count="1092" type="cond" truecount="2" falsecount="0"/>
      <line num="40" count="1092" type="stmt"/>
      <line num="41" count="1092" type="stmt"/>
      <line num="42" count="1092" type="stmt"/>
      <line num="43" count="1092" type="stmt"/>
      <line num="45" count="1092" type="cond" truecount="2" falsecount="0"/>
      <line num="46" count="1092" type="stmt"/>
      <line num="50" count="1092" type="cond" truecount="5" falsecount="0"/>
      <line num="51" count="1092" type="cond" truecount="3" falsecount="0"/>
      <line num="52" count="1092" type="cond" truecount="2" falsecount="0"/>
      <line num="56" count="1092" type="cond" truecount="6" falsecount="0"/>
      <line num="57" count="13" type="stmt"/>
      <line num="58" count="13" type="stmt"/>
      <line num="60" count="1092" type="cond" truecount="4" falsecount="0"/>
      <line num="61" count="4" type="stmt"/>
      <line num="62" count="4" type="stmt"/>
      <line num="66" count="1092" type="cond" truecount="5" falsecount="0"/>
      <line num="67" count="10" type="stmt"/>
      <line num="68" count="10" type="stmt"/>
      <line num="69" count="10" type="stmt"/>
      <line num="73" count="1092" type="cond" truecount="2" falsecount="0"/>
      <line num="74" count="1092" type="cond" truecount="1" falsecount="1"/>
      <line num="75" count="1092" type="cond" truecount="4" falsecount="1"/>
      <line num="76" count="0" type="stmt"/>
      <line num="77" count="0" type="stmt"/>
      <line num="79" count="1092" type="cond" truecount="3" falsecount="1"/>
      <line num="80" count="0" type="stmt"/>
      <line num="81" count="0" type="stmt"/>
      <line num="86" count="1092" type="cond" truecount="2" falsecount="0"/>
      <line num="87" count="1092" type="cond" truecount="5" falsecount="0"/>
      <line num="88" count="1" type="stmt"/>
      <line num="89" count="1" type="stmt"/>
      <line num="91" count="1092" type="cond" truecount="4" falsecount="0"/>
      <line num="92" count="1" type="stmt"/>
      <line num="93" count="1" type="stmt"/>
      <line num="97" count="1092" type="cond" truecount="2" falsecount="0"/>
      <line num="98" count="1092" type="cond" truecount="5" falsecount="0"/>
      <line num="99" count="1" type="stmt"/>
      <line num="100" count="1" type="stmt"/>
      <line num="102" count="1092" type="cond" truecount="4" falsecount="0"/>
      <line num="103" count="1" type="stmt"/>
      <line num="104" count="1" type="stmt"/>
      <line num="108" count="1092" type="cond" truecount="2" falsecount="0"/>
      <line num="109" count="1092" type="cond" truecount="2" falsecount="0"/>
      <line num="110" count="1087" type="cond" truecount="5" falsecount="0"/>
      <line num="111" count="1" type="stmt"/>
      <line num="112" count="1" type="stmt"/>
      <line num="114" count="1087" type="cond" truecount="4" falsecount="0"/>
      <line num="115" count="1" type="stmt"/>
      <line num="116" count="1" type="stmt"/>
      <line num="121" count="1092" type="cond" truecount="2" falsecount="0"/>
      <line num="122" count="1092" type="cond" truecount="1" falsecount="1"/>
      <line num="123" count="0" type="cond" truecount="0" falsecount="5"/>
      <line num="124" count="0" type="stmt"/>
      <line num="125" count="0" type="stmt"/>
      <line num="127" count="0" type="cond" truecount="0" falsecount="4"/>
      <line num="128" count="0" type="stmt"/>
      <line num="129" count="0" type="stmt"/>
      <line num="134" count="1092" type="cond" truecount="2" falsecount="0"/>
      <line num="135" count="1092" type="cond" truecount="4" falsecount="0"/>
      <line num="136" count="1" type="stmt"/>
      <line num="137" count="1" type="stmt"/>
      <line num="141" count="1092" type="cond" truecount="2" falsecount="0"/>
      <line num="143" count="1064" type="stmt"/>
      <line num="144" count="1064" type="stmt"/>
      <line num="147" count="1064" type="cond" truecount="2" falsecount="0"/>
      <line num="148" count="1064" type="cond" truecount="5" falsecount="0"/>
      <line num="149" count="310" type="stmt"/>
      <line num="150" count="310" type="stmt"/>
      <line num="152" count="1064" type="cond" truecount="4" falsecount="0"/>
      <line num="153" count="2" type="stmt"/>
      <line num="154" count="2" type="stmt"/>
      <line num="158" count="1064" type="cond" truecount="2" falsecount="0"/>
      <line num="159" count="1064" type="cond" truecount="5" falsecount="0"/>
      <line num="160" count="767" type="stmt"/>
      <line num="161" count="767" type="stmt"/>
      <line num="163" count="1064" type="cond" truecount="4" falsecount="0"/>
      <line num="164" count="1" type="stmt"/>
      <line num="165" count="1" type="stmt"/>
      <line num="169" count="1064" type="cond" truecount="2" falsecount="0"/>
      <line num="170" count="1064" type="cond" truecount="2" falsecount="0"/>
      <line num="171" count="1058" type="cond" truecount="5" falsecount="0"/>
      <line num="172" count="1" type="stmt"/>
      <line num="173" count="1" type="stmt"/>
      <line num="175" count="1058" type="cond" truecount="4" falsecount="0"/>
      <line num="176" count="1" type="stmt"/>
      <line num="177" count="1" type="stmt"/>
      <line num="182" count="1064" type="cond" truecount="2" falsecount="0"/>
      <line num="183" count="1064" type="cond" truecount="1" falsecount="1"/>
      <line num="184" count="0" type="cond" truecount="0" falsecount="5"/>
      <line num="185" count="0" type="stmt"/>
      <line num="186" count="0" type="stmt"/>
      <line num="188" count="0" type="cond" truecount="0" falsecount="4"/>
      <line num="189" count="0" type="stmt"/>
      <line num="190" count="0" type="stmt"/>
      <line num="195" count="1064" type="cond" truecount="2" falsecount="0"/>
      <line num="196" count="1064" type="cond" truecount="5" falsecount="0"/>
      <line num="197" count="3" type="stmt"/>
      <line num="198" count="3" type="stmt"/>
      <line num="200" count="1064" type="cond" truecount="4" falsecount="0"/>
      <line num="201" count="3" type="stmt"/>
      <line num="202" count="3" type="stmt"/>
      <line num="206" count="1064" type="cond" truecount="2" falsecount="0"/>
      <line num="207" count="1064" type="cond" truecount="4" falsecount="0"/>
      <line num="208" count="2" type="stmt"/>
      <line num="209" count="2" type="stmt"/>
      <line num="213" count="1064" type="cond" truecount="2" falsecount="0"/>
      <line num="214" count="248" type="stmt"/>
      <line num="215" count="248" type="stmt"/>
      <line num="220" count="1092" type="cond" truecount="2" falsecount="0"/>
      <line num="221" count="816" type="cond" truecount="2" falsecount="0"/>
      <line num="222" count="816" type="cond" truecount="2" falsecount="0"/>
      <line num="223" count="816" type="cond" truecount="2" falsecount="0"/>
      <line num="224" count="816" type="cond" truecount="2" falsecount="0"/>
      <line num="225" count="816" type="cond" truecount="2" falsecount="0"/>
      <line num="226" count="816" type="cond" truecount="2" falsecount="0"/>
      <line num="229" count="816" type="stmt"/>
      <line num="230" count="816" type="cond" truecount="2" falsecount="0"/>
      <line num="231" count="816" type="cond" truecount="2" falsecount="0"/>
      <line num="232" count="816" type="cond" truecount="2" falsecount="0"/>
      <line num="234" count="816" type="stmt"/>
      <line num="237" count="816" type="cond" truecount="5" falsecount="0"/>
      <line num="238" count="816" type="cond" truecount="4" falsecount="0"/>
      <line num="241" count="816" type="cond" truecount="1" falsecount="1"/>
      <line num="242" count="816" type="cond" truecount="5" falsecount="0"/>
      <line num="243" count="816" type="cond" truecount="3" falsecount="1"/>
      <line num="247" count="816" type="cond" truecount="2" falsecount="0"/>
      <line num="248" count="1" type="cond" truecount="4" falsecount="1"/>
      <line num="249" count="1" type="cond" truecount="3" falsecount="1"/>
      <line num="253" count="816" type="cond" truecount="1" falsecount="1"/>
      <line num="254" count="0" type="cond" truecount="0" falsecount="5"/>
      <line num="255" count="0" type="cond" truecount="0" falsecount="4"/>
      <line num="259" count="816" type="cond" truecount="4" falsecount="1"/>
      <line num="260" count="816" type="cond" truecount="3" falsecount="1"/>
      <line num="263" count="816" type="cond" truecount="5" falsecount="1"/>
      <line num="265" count="816" type="cond" truecount="2" falsecount="0"/>
      <line num="267" count="641" type="stmt"/>
      <line num="268" count="641" type="cond" truecount="5" falsecount="0"/>
      <line num="269" count="641" type="cond" truecount="4" falsecount="0"/>
      <line num="270" count="641" type="cond" truecount="6" falsecount="0"/>
      <line num="271" count="641" type="cond" truecount="4" falsecount="1"/>
      <line num="272" count="641" type="cond" truecount="6" falsecount="0"/>
      <line num="273" count="641" type="cond" truecount="4" falsecount="1"/>
      <line num="274" count="641" type="cond" truecount="2" falsecount="4"/>
      <line num="275" count="641" type="cond" truecount="2" falsecount="3"/>
      <line num="276" count="641" type="cond" truecount="4" falsecount="1"/>
      <line num="277" count="641" type="cond" truecount="3" falsecount="1"/>
      <line num="278" count="641" type="cond" truecount="5" falsecount="1"/>
      <line num="283" count="1092" type="cond" truecount="2" falsecount="0"/>
      <line num="284" count="28" type="stmt"/>
      <line num="285" count="28" type="cond" truecount="2" falsecount="0"/>
      <line num="287" count="4" type="cond" truecount="2" falsecount="0"/>
      <line num="290" count="24" type="cond" truecount="2" falsecount="0"/>
      <line num="293" count="28" type="cond" truecount="5" falsecount="0"/>
      <line num="294" count="2" type="stmt"/>
      <line num="295" count="2" type="stmt"/>
      <line num="299" count="1092" type="stmt"/>
      <line num="308" count="2" type="cond" truecount="0" falsecount="1"/>
      <line num="309" count="8" type="stmt"/>
      <line num="310" count="1021" type="stmt"/>
      <line num="311" count="1021" type="stmt"/>
      <line num="312" count="1021" type="stmt"/>
      <line num="314" count="8" type="stmt"/>
      <line num="317" count="2" type="stmt"/>
    </file>
    <file name="thresholds.js" path="/Users/torinturner/Documents/GitHub/RiskDash/src/thresholds.js">
      <metrics statements="2" coveredstatements="2" conditionals="0" coveredconditionals="0" methods="0" coveredmethods="0"/>
      <line num="8" count="4" type="stmt"/>
      <line num="53" count="4" type="stmt"/>
    </file>
    <file name="utils.js" path="/Users/torinturner/Documents/GitHub/RiskDash/src/utils.js">
      <metrics statements="31" coveredstatements="31" conditionals="50" coveredconditionals="50" methods="7" coveredmethods="7"/>
      <line num="11" count="1" type="stmt"/>
      <line num="12" count="46" type="cond" truecount="5" falsecount="0"/>
      <line num="14" count="40" type="stmt"/>
      <line num="15" count="40" type="cond" truecount="4" falsecount="0"/>
      <line num="16" count="35" type="stmt"/>
      <line num="17" count="35" type="stmt"/>
      <line num="18" count="35" type="cond" truecount="2" falsecount="0"/>
      <line num="26" count="1" type="stmt"/>
      <line num="27" count="46" type="cond" truecount="5" falsecount="0"/>
      <line num="28" count="43" type="cond" truecount="2" falsecount="0"/>
      <line num="30" count="14" type="cond" truecount="2" falsecount="0"/>
      <line num="32" count="29" type="stmt"/>
      <line num="34" count="29" type="cond" truecount="2" falsecount="0"/>
      <line num="35" count="26" type="stmt"/>
      <line num="36" count="26" type="cond" truecount="2" falsecount="0"/>
      <line num="44" count="1" type="stmt"/>
      <line num="45" count="26" type="cond" truecount="5" falsecount="0"/>
      <line num="46" count="23" type="stmt"/>
      <line num="48" count="23" type="cond" truecount="2" falsecount="0"/>
      <line num="49" count="21" type="stmt"/>
      <line num="50" count="21" type="cond" truecount="2" falsecount="0"/>
      <line num="58" count="1" type="stmt"/>
      <line num="59" count="20" type="cond" truecount="2" falsecount="0"/>
      <line num="60" count="16" type="stmt"/>
      <line num="61" count="16" type="cond" truecount="2" falsecount="0"/>
      <line num="62" count="11" type="stmt"/>
      <line num="63" count="11" type="cond" truecount="4" falsecount="0"/>
      <line num="72" count="7" type="cond" truecount="5" falsecount="0"/>
      <line num="79" count="6" type="cond" truecount="2" falsecount="0"/>
      <line num="86" count="5" type="cond" truecount="2" falsecount="0"/>
      <line num="88" count="1" type="stmt"/>
    </file>
  </project>
</coverage>
