{"/Users/torinturner/Documents/GitHub/RiskDash/src/aggregation.js": {"path":"/Users/torinturner/Documents/GitHub/RiskDash/src/aggregation.js","statementMap":{"0":{"start":{"line":13,"column":24},"end":{"line":110,"column":1}},"1":{"start":{"line":14,"column":19},"end":{"line":14,"column":21}},"2":{"start":{"line":17,"column":4},"end":{"line":27,"column":5}},"3":{"start":{"line":18,"column":8},"end":{"line":25,"column":9}},"4":{"start":{"line":19,"column":25},"end":{"line":23,"column":13}},"5":{"start":{"line":19,"column":50},"end":{"line":19,"column":72}},"6":{"start":{"line":24,"column":12},"end":{"line":24,"column":52}},"7":{"start":{"line":26,"column":8},"end":{"line":26,"column":37}},"8":{"start":{"line":30,"column":17},"end":{"line":103,"column":6}},"9":{"start":{"line":31,"column":23},"end":{"line":31,"column":24}},"10":{"start":{"line":31,"column":37},"end":{"line":31,"column":38}},"11":{"start":{"line":31,"column":50},"end":{"line":31,"column":51}},"12":{"start":{"line":31,"column":63},"end":{"line":31,"column":64}},"13":{"start":{"line":31,"column":79},"end":{"line":31,"column":80}},"14":{"start":{"line":31,"column":95},"end":{"line":31,"column":96}},"15":{"start":{"line":32,"column":23},"end":{"line":32,"column":24}},"16":{"start":{"line":32,"column":37},"end":{"line":32,"column":38}},"17":{"start":{"line":32,"column":50},"end":{"line":32,"column":51}},"18":{"start":{"line":32,"column":63},"end":{"line":32,"column":64}},"19":{"start":{"line":32,"column":79},"end":{"line":32,"column":80}},"20":{"start":{"line":32,"column":95},"end":{"line":32,"column":96}},"21":{"start":{"line":34,"column":20},"end":{"line":51,"column":9}},"22":{"start":{"line":53,"column":8},"end":{"line":92,"column":9}},"23":{"start":{"line":55,"column":12},"end":{"line":69,"column":13}},"24":{"start":{"line":56,"column":16},"end":{"line":56,"column":62}},"25":{"start":{"line":57,"column":16},"end":{"line":60,"column":17}},"26":{"start":{"line":58,"column":20},"end":{"line":58,"column":59}},"27":{"start":{"line":59,"column":20},"end":{"line":59,"column":31}},"28":{"start":{"line":61,"column":16},"end":{"line":64,"column":17}},"29":{"start":{"line":62,"column":20},"end":{"line":62,"column":51}},"30":{"start":{"line":63,"column":20},"end":{"line":63,"column":30}},"31":{"start":{"line":65,"column":16},"end":{"line":68,"column":17}},"32":{"start":{"line":66,"column":20},"end":{"line":66,"column":58}},"33":{"start":{"line":67,"column":20},"end":{"line":67,"column":33}},"34":{"start":{"line":71,"column":12},"end":{"line":71,"column":58}},"35":{"start":{"line":72,"column":12},"end":{"line":75,"column":13}},"36":{"start":{"line":73,"column":16},"end":{"line":73,"column":55}},"37":{"start":{"line":74,"column":16},"end":{"line":74,"column":27}},"38":{"start":{"line":76,"column":12},"end":{"line":79,"column":13}},"39":{"start":{"line":77,"column":16},"end":{"line":77,"column":47}},"40":{"start":{"line":78,"column":16},"end":{"line":78,"column":26}},"41":{"start":{"line":80,"column":12},"end":{"line":83,"column":13}},"42":{"start":{"line":81,"column":16},"end":{"line":81,"column":54}},"43":{"start":{"line":82,"column":16},"end":{"line":82,"column":29}},"44":{"start":{"line":86,"column":12},"end":{"line":88,"column":63}},"45":{"start":{"line":86,"column":40},"end":{"line":86,"column":60}},"46":{"start":{"line":87,"column":17},"end":{"line":88,"column":63}},"47":{"start":{"line":87,"column":44},"end":{"line":87,"column":63}},"48":{"start":{"line":88,"column":17},"end":{"line":88,"column":63}},"49":{"start":{"line":88,"column":44},"end":{"line":88,"column":63}},"50":{"start":{"line":91,"column":12},"end":{"line":91,"column":84}},"51":{"start":{"line":91,"column":62},"end":{"line":91,"column":84}},"52":{"start":{"line":95,"column":8},"end":{"line":95,"column":84}},"53":{"start":{"line":96,"column":8},"end":{"line":96,"column":79}},"54":{"start":{"line":97,"column":8},"end":{"line":97,"column":88}},"55":{"start":{"line":98,"column":8},"end":{"line":98,"column":84}},"56":{"start":{"line":99,"column":8},"end":{"line":99,"column":79}},"57":{"start":{"line":100,"column":8},"end":{"line":100,"column":88}},"58":{"start":{"line":102,"column":8},"end":{"line":102,"column":19}},"59":{"start":{"line":106,"column":4},"end":{"line":109,"column":6}},"60":{"start":{"line":107,"column":30},"end":{"line":107,"column":47}},"61":{"start":{"line":108,"column":30},"end":{"line":108,"column":47}},"62":{"start":{"line":118,"column":23},"end":{"line":163,"column":1}},"63":{"start":{"line":119,"column":18},"end":{"line":128,"column":5}},"64":{"start":{"line":130,"column":22},"end":{"line":130,"column":24}},"65":{"start":{"line":131,"column":23},"end":{"line":131,"column":25}},"66":{"start":{"line":133,"column":4},"end":{"line":152,"column":5}},"67":{"start":{"line":135,"column":8},"end":{"line":137,"column":61}},"68":{"start":{"line":135,"column":36},"end":{"line":135,"column":58}},"69":{"start":{"line":136,"column":13},"end":{"line":137,"column":61}},"70":{"start":{"line":136,"column":40},"end":{"line":136,"column":61}},"71":{"start":{"line":137,"column":13},"end":{"line":137,"column":61}},"72":{"start":{"line":137,"column":40},"end":{"line":137,"column":61}},"73":{"start":{"line":140,"column":8},"end":{"line":140,"column":100}},"74":{"start":{"line":143,"column":8},"end":{"line":143,"column":82}},"75":{"start":{"line":143,"column":58},"end":{"line":143,"column":82}},"76":{"start":{"line":146,"column":8},"end":{"line":146,"column":83}},"77":{"start":{"line":146,"column":51},"end":{"line":146,"column":83}},"78":{"start":{"line":147,"column":8},"end":{"line":147,"column":70}},"79":{"start":{"line":147,"column":38},"end":{"line":147,"column":70}},"80":{"start":{"line":150,"column":8},"end":{"line":150,"column":106}},"81":{"start":{"line":150,"column":62},"end":{"line":150,"column":106}},"82":{"start":{"line":151,"column":8},"end":{"line":151,"column":93}},"83":{"start":{"line":151,"column":49},"end":{"line":151,"column":93}},"84":{"start":{"line":155,"column":4},"end":{"line":157,"column":5}},"85":{"start":{"line":156,"column":8},"end":{"line":156,"column":79}},"86":{"start":{"line":156,"column":50},"end":{"line":156,"column":55}},"87":{"start":{"line":158,"column":4},"end":{"line":160,"column":5}},"88":{"start":{"line":159,"column":8},"end":{"line":159,"column":103}},"89":{"start":{"line":159,"column":72},"end":{"line":159,"column":77}},"90":{"start":{"line":162,"column":4},"end":{"line":162,"column":17}},"91":{"start":{"line":172,"column":21},"end":{"line":180,"column":1}},"92":{"start":{"line":173,"column":19},"end":{"line":173,"column":21}},"93":{"start":{"line":174,"column":4},"end":{"line":178,"column":5}},"94":{"start":{"line":175,"column":20},"end":{"line":175,"column":41}},"95":{"start":{"line":176,"column":8},"end":{"line":176,"column":43}},"96":{"start":{"line":176,"column":26},"end":{"line":176,"column":43}},"97":{"start":{"line":177,"column":8},"end":{"line":177,"column":28}},"98":{"start":{"line":179,"column":4},"end":{"line":179,"column":18}},"99":{"start":{"line":182,"column":0},"end":{"line":186,"column":2}}},"fnMap":{"0":{"name":"(anonymous_0)","decl":{"start":{"line":13,"column":24},"end":{"line":13,"column":25}},"loc":{"start":{"line":13,"column":61},"end":{"line":110,"column":1}},"line":13},"1":{"name":"(anonymous_1)","decl":{"start":{"line":19,"column":45},"end":{"line":19,"column":46}},"loc":{"start":{"line":19,"column":50},"end":{"line":19,"column":72}},"line":19},"2":{"name":"(anonymous_2)","decl":{"start":{"line":30,"column":43},"end":{"line":30,"column":44}},"loc":{"start":{"line":30,"column":48},"end":{"line":103,"column":5}},"line":30},"3":{"name":"(anonymous_3)","decl":{"start":{"line":107,"column":25},"end":{"line":107,"column":26}},"loc":{"start":{"line":107,"column":30},"end":{"line":107,"column":47}},"line":107},"4":{"name":"(anonymous_4)","decl":{"start":{"line":108,"column":25},"end":{"line":108,"column":26}},"loc":{"start":{"line":108,"column":30},"end":{"line":108,"column":47}},"line":108},"5":{"name":"(anonymous_5)","decl":{"start":{"line":118,"column":23},"end":{"line":118,"column":24}},"loc":{"start":{"line":118,"column":34},"end":{"line":163,"column":1}},"line":118},"6":{"name":"(anonymous_6)","decl":{"start":{"line":156,"column":40},"end":{"line":156,"column":41}},"loc":{"start":{"line":156,"column":50},"end":{"line":156,"column":55}},"line":156},"7":{"name":"(anonymous_7)","decl":{"start":{"line":159,"column":62},"end":{"line":159,"column":63}},"loc":{"start":{"line":159,"column":72},"end":{"line":159,"column":77}},"line":159},"8":{"name":"(anonymous_8)","decl":{"start":{"line":172,"column":21},"end":{"line":172,"column":22}},"loc":{"start":{"line":172,"column":39},"end":{"line":180,"column":1}},"line":172}},"branchMap":{"0":{"loc":{"start":{"line":13,"column":32},"end":{"line":13,"column":56}},"type":"default-arg","locations":[{"start":{"line":13,"column":43},"end":{"line":13,"column":56}}],"line":13},"1":{"loc":{"start":{"line":18,"column":8},"end":{"line":25,"column":9}},"type":"if","locations":[{"start":{"line":18,"column":8},"end":{"line":25,"column":9}},{"start":{},"end":{}}],"line":18},"2":{"loc":{"start":{"line":19,"column":25},"end":{"line":23,"column":13}},"type":"binary-expr","locations":[{"start":{"line":19,"column":25},"end":{"line":19,"column":73}},{"start":{"line":19,"column":77},"end":{"line":23,"column":13}}],"line":19},"3":{"loc":{"start":{"line":55,"column":12},"end":{"line":69,"column":13}},"type":"if","locations":[{"start":{"line":55,"column":12},"end":{"line":69,"column":13}},{"start":{},"end":{}}],"line":55},"4":{"loc":{"start":{"line":56,"column":39},"end":{"line":56,"column":61}},"type":"binary-expr","locations":[{"start":{"line":56,"column":39},"end":{"line":56,"column":56}},{"start":{"line":56,"column":60},"end":{"line":56,"column":61}}],"line":56},"5":{"loc":{"start":{"line":57,"column":16},"end":{"line":60,"column":17}},"type":"if","locations":[{"start":{"line":57,"column":16},"end":{"line":60,"column":17}},{"start":{},"end":{}}],"line":57},"6":{"loc":{"start":{"line":61,"column":16},"end":{"line":64,"column":17}},"type":"if","locations":[{"start":{"line":61,"column":16},"end":{"line":64,"column":17}},{"start":{},"end":{}}],"line":61},"7":{"loc":{"start":{"line":65,"column":16},"end":{"line":68,"column":17}},"type":"if","locations":[{"start":{"line":65,"column":16},"end":{"line":68,"column":17}},{"start":{},"end":{}}],"line":65},"8":{"loc":{"start":{"line":71,"column":35},"end":{"line":71,"column":57}},"type":"binary-expr","locations":[{"start":{"line":71,"column":35},"end":{"line":71,"column":52}},{"start":{"line":71,"column":56},"end":{"line":71,"column":57}}],"line":71},"9":{"loc":{"start":{"line":72,"column":12},"end":{"line":75,"column":13}},"type":"if","locations":[{"start":{"line":72,"column":12},"end":{"line":75,"column":13}},{"start":{},"end":{}}],"line":72},"10":{"loc":{"start":{"line":76,"column":12},"end":{"line":79,"column":13}},"type":"if","locations":[{"start":{"line":76,"column":12},"end":{"line":79,"column":13}},{"start":{},"end":{}}],"line":76},"11":{"loc":{"start":{"line":80,"column":12},"end":{"line":83,"column":13}},"type":"if","locations":[{"start":{"line":80,"column":12},"end":{"line":83,"column":13}},{"start":{},"end":{}}],"line":80},"12":{"loc":{"start":{"line":86,"column":12},"end":{"line":88,"column":63}},"type":"if","locations":[{"start":{"line":86,"column":12},"end":{"line":88,"column":63}},{"start":{"line":87,"column":17},"end":{"line":88,"column":63}}],"line":86},"13":{"loc":{"start":{"line":87,"column":17},"end":{"line":88,"column":63}},"type":"if","locations":[{"start":{"line":87,"column":17},"end":{"line":88,"column":63}},{"start":{"line":88,"column":17},"end":{"line":88,"column":63}}],"line":87},"14":{"loc":{"start":{"line":88,"column":17},"end":{"line":88,"column":63}},"type":"if","locations":[{"start":{"line":88,"column":17},"end":{"line":88,"column":63}},{"start":{},"end":{}}],"line":88},"15":{"loc":{"start":{"line":91,"column":12},"end":{"line":91,"column":84}},"type":"if","locations":[{"start":{"line":91,"column":12},"end":{"line":91,"column":84}},{"start":{},"end":{}}],"line":91},"16":{"loc":{"start":{"line":91,"column":16},"end":{"line":91,"column":60}},"type":"binary-expr","locations":[{"start":{"line":91,"column":16},"end":{"line":91,"column":36}},{"start":{"line":91,"column":40},"end":{"line":91,"column":60}}],"line":91},"17":{"loc":{"start":{"line":95,"column":30},"end":{"line":95,"column":83}},"type":"cond-expr","locations":[{"start":{"line":95,"column":45},"end":{"line":95,"column":79}},{"start":{"line":95,"column":82},"end":{"line":95,"column":83}}],"line":95},"18":{"loc":{"start":{"line":96,"column":28},"end":{"line":96,"column":78}},"type":"cond-expr","locations":[{"start":{"line":96,"column":42},"end":{"line":96,"column":74}},{"start":{"line":96,"column":77},"end":{"line":96,"column":78}}],"line":96},"19":{"loc":{"start":{"line":97,"column":28},"end":{"line":97,"column":87}},"type":"cond-expr","locations":[{"start":{"line":97,"column":45},"end":{"line":97,"column":83}},{"start":{"line":97,"column":86},"end":{"line":97,"column":87}}],"line":97},"20":{"loc":{"start":{"line":98,"column":30},"end":{"line":98,"column":83}},"type":"cond-expr","locations":[{"start":{"line":98,"column":45},"end":{"line":98,"column":79}},{"start":{"line":98,"column":82},"end":{"line":98,"column":83}}],"line":98},"21":{"loc":{"start":{"line":99,"column":28},"end":{"line":99,"column":78}},"type":"cond-expr","locations":[{"start":{"line":99,"column":42},"end":{"line":99,"column":74}},{"start":{"line":99,"column":77},"end":{"line":99,"column":78}}],"line":99},"22":{"loc":{"start":{"line":100,"column":28},"end":{"line":100,"column":87}},"type":"cond-expr","locations":[{"start":{"line":100,"column":45},"end":{"line":100,"column":83}},{"start":{"line":100,"column":86},"end":{"line":100,"column":87}}],"line":100},"23":{"loc":{"start":{"line":135,"column":8},"end":{"line":137,"column":61}},"type":"if","locations":[{"start":{"line":135,"column":8},"end":{"line":137,"column":61}},{"start":{"line":136,"column":13},"end":{"line":137,"column":61}}],"line":135},"24":{"loc":{"start":{"line":136,"column":13},"end":{"line":137,"column":61}},"type":"if","locations":[{"start":{"line":136,"column":13},"end":{"line":137,"column":61}},{"start":{"line":137,"column":13},"end":{"line":137,"column":61}}],"line":136},"25":{"loc":{"start":{"line":137,"column":13},"end":{"line":137,"column":61}},"type":"if","locations":[{"start":{"line":137,"column":13},"end":{"line":137,"column":61}},{"start":{},"end":{}}],"line":137},"26":{"loc":{"start":{"line":140,"column":32},"end":{"line":140,"column":71}},"type":"cond-expr","locations":[{"start":{"line":140,"column":43},"end":{"line":140,"column":44}},{"start":{"line":140,"column":48},"end":{"line":140,"column":70}}],"line":140},"27":{"loc":{"start":{"line":140,"column":48},"end":{"line":140,"column":70}},"type":"binary-expr","locations":[{"start":{"line":140,"column":48},"end":{"line":140,"column":65}},{"start":{"line":140,"column":69},"end":{"line":140,"column":70}}],"line":140},"28":{"loc":{"start":{"line":140,"column":76},"end":{"line":140,"column":98}},"type":"binary-expr","locations":[{"start":{"line":140,"column":76},"end":{"line":140,"column":93}},{"start":{"line":140,"column":97},"end":{"line":140,"column":98}}],"line":140},"29":{"loc":{"start":{"line":143,"column":8},"end":{"line":143,"column":82}},"type":"if","locations":[{"start":{"line":143,"column":8},"end":{"line":143,"column":82}},{"start":{},"end":{}}],"line":143},"30":{"loc":{"start":{"line":143,"column":12},"end":{"line":143,"column":56}},"type":"binary-expr","locations":[{"start":{"line":143,"column":12},"end":{"line":143,"column":32}},{"start":{"line":143,"column":36},"end":{"line":143,"column":56}}],"line":143},"31":{"loc":{"start":{"line":146,"column":8},"end":{"line":146,"column":83}},"type":"if","locations":[{"start":{"line":146,"column":8},"end":{"line":146,"column":83}},{"start":{},"end":{}}],"line":146},"32":{"loc":{"start":{"line":146,"column":12},"end":{"line":146,"column":49}},"type":"binary-expr","locations":[{"start":{"line":146,"column":12},"end":{"line":146,"column":21}},{"start":{"line":146,"column":25},"end":{"line":146,"column":49}}],"line":146},"33":{"loc":{"start":{"line":147,"column":8},"end":{"line":147,"column":70}},"type":"if","locations":[{"start":{"line":147,"column":8},"end":{"line":147,"column":70}},{"start":{},"end":{}}],"line":147},"34":{"loc":{"start":{"line":150,"column":8},"end":{"line":150,"column":106}},"type":"if","locations":[{"start":{"line":150,"column":8},"end":{"line":150,"column":106}},{"start":{},"end":{}}],"line":150},"35":{"loc":{"start":{"line":150,"column":12},"end":{"line":150,"column":60}},"type":"binary-expr","locations":[{"start":{"line":150,"column":12},"end":{"line":150,"column":21}},{"start":{"line":150,"column":25},"end":{"line":150,"column":60}}],"line":150},"36":{"loc":{"start":{"line":151,"column":8},"end":{"line":151,"column":93}},"type":"if","locations":[{"start":{"line":151,"column":8},"end":{"line":151,"column":93}},{"start":{},"end":{}}],"line":151},"37":{"loc":{"start":{"line":155,"column":4},"end":{"line":157,"column":5}},"type":"if","locations":[{"start":{"line":155,"column":4},"end":{"line":157,"column":5}},{"start":{},"end":{}}],"line":155},"38":{"loc":{"start":{"line":158,"column":4},"end":{"line":160,"column":5}},"type":"if","locations":[{"start":{"line":158,"column":4},"end":{"line":160,"column":5}},{"start":{},"end":{}}],"line":158},"39":{"loc":{"start":{"line":175,"column":20},"end":{"line":175,"column":41}},"type":"binary-expr","locations":[{"start":{"line":175,"column":20},"end":{"line":175,"column":28}},{"start":{"line":175,"column":32},"end":{"line":175,"column":41}}],"line":175},"40":{"loc":{"start":{"line":176,"column":8},"end":{"line":176,"column":43}},"type":"if","locations":[{"start":{"line":176,"column":8},"end":{"line":176,"column":43}},{"start":{},"end":{}}],"line":176}},"s":{"0":2,"1":22,"2":22,"3":1046,"4":34,"5":1,"6":34,"7":1046,"8":22,"9":34,"10":34,"11":34,"12":34,"13":34,"14":34,"15":34,"16":34,"17":34,"18":34,"19":34,"20":34,"21":34,"22":34,"23":1046,"24":1042,"25":1042,"26":1041,"27":1041,"28":1042,"29":1042,"30":1042,"31":1042,"32":1042,"33":1042,"34":1046,"35":1046,"36":1046,"37":1046,"38":1046,"39":1046,"40":1046,"41":1046,"42":1046,"43":1046,"44":1046,"45":5,"46":1041,"47":871,"48":170,"49":170,"50":1046,"51":2,"52":34,"53":34,"54":34,"55":34,"56":34,"57":34,"58":34,"59":22,"60":34,"61":34,"62":2,"63":13,"64":13,"65":13,"66":13,"67":1033,"68":4,"69":1029,"70":870,"71":159,"72":159,"73":1033,"74":1033,"75":2,"76":1033,"77":1028,"78":1033,"79":1031,"80":1033,"81":1030,"82":1033,"83":1033,"84":13,"85":12,"86":2059,"87":13,"88":12,"89":2063,"90":13,"91":2,"92":5,"93":5,"94":12,"95":12,"96":8,"97":12,"98":5,"99":2},"f":{"0":22,"1":1,"2":34,"3":34,"4":34,"5":13,"6":2059,"7":2063,"8":5},"b":{"0":[1],"1":[34,1012],"2":[34,33],"3":[1042,4],"4":[1042,1037],"5":[1041,1],"6":[1042,0],"7":[1042,0],"8":[1046,1041],"9":[1046,0],"10":[1046,0],"11":[1046,0],"12":[5,1041],"13":[871,170],"14":[170,0],"15":[2,1044],"16":[1046,1045],"17":[33,1],"18":[34,0],"19":[34,0],"20":[34,0],"21":[34,0],"22":[34,0],"23":[4,1029],"24":[870,159],"25":[159,0],"26":[3,1030],"27":[1030,1026],"28":[1033,1029],"29":[2,1031],"30":[1033,1032],"31":[1028,5],"32":[1033,1030],"33":[1031,2],"34":[1030,3],"35":[1033,1030],"36":[1033,0],"37":[12,1],"38":[12,1],"39":[12,2],"40":[8,4]},"_coverageSchema":"1a1c01bbd47fc00a2c39e90264f33305004495a9","hash":"aed6a6abad792a9e57d6db84a8d152af5c1f7f0f"}
,"/Users/torinturner/Documents/GitHub/RiskDash/src/colorClassification.js": {"path":"/Users/torinturner/Documents/GitHub/RiskDash/src/colorClassification.js","statementMap":{"0":{"start":{"line":11,"column":30},"end":{"line":11,"column":53}},"1":{"start":{"line":23,"column":22},"end":{"line":28,"column":1}},"2":{"start":{"line":24,"column":4},"end":{"line":24,"column":49}},"3":{"start":{"line":24,"column":39},"end":{"line":24,"column":49}},"4":{"start":{"line":25,"column":27},"end":{"line":25,"column":63}},"5":{"start":{"line":26,"column":25},"end":{"line":26,"column":59}},"6":{"start":{"line":27,"column":4},"end":{"line":27,"column":90}},"7":{"start":{"line":36,"column":24},"end":{"line":41,"column":1}},"8":{"start":{"line":37,"column":4},"end":{"line":37,"column":49}},"9":{"start":{"line":37,"column":39},"end":{"line":37,"column":49}},"10":{"start":{"line":38,"column":27},"end":{"line":38,"column":62}},"11":{"start":{"line":39,"column":25},"end":{"line":39,"column":58}},"12":{"start":{"line":40,"column":4},"end":{"line":40,"column":90}},"13":{"start":{"line":49,"column":23},"end":{"line":54,"column":1}},"14":{"start":{"line":50,"column":4},"end":{"line":50,"column":49}},"15":{"start":{"line":50,"column":39},"end":{"line":50,"column":49}},"16":{"start":{"line":51,"column":27},"end":{"line":51,"column":66}},"17":{"start":{"line":52,"column":25},"end":{"line":52,"column":62}},"18":{"start":{"line":53,"column":4},"end":{"line":53,"column":90}},"19":{"start":{"line":66,"column":17},"end":{"line":71,"column":1}},"20":{"start":{"line":67,"column":4},"end":{"line":67,"column":49}},"21":{"start":{"line":67,"column":39},"end":{"line":67,"column":49}},"22":{"start":{"line":68,"column":27},"end":{"line":68,"column":60}},"23":{"start":{"line":69,"column":25},"end":{"line":69,"column":56}},"24":{"start":{"line":70,"column":4},"end":{"line":70,"column":90}},"25":{"start":{"line":83,"column":21},"end":{"line":91,"column":1}},"26":{"start":{"line":84,"column":4},"end":{"line":84,"column":31}},"27":{"start":{"line":84,"column":12},"end":{"line":84,"column":31}},"28":{"start":{"line":85,"column":17},"end":{"line":85,"column":28}},"29":{"start":{"line":86,"column":4},"end":{"line":86,"column":50}},"30":{"start":{"line":86,"column":31},"end":{"line":86,"column":50}},"31":{"start":{"line":87,"column":16},"end":{"line":87,"column":58}},"32":{"start":{"line":88,"column":27},"end":{"line":88,"column":60}},"33":{"start":{"line":89,"column":25},"end":{"line":89,"column":56}},"34":{"start":{"line":90,"column":4},"end":{"line":90,"column":94}},"35":{"start":{"line":100,"column":20},"end":{"line":105,"column":1}},"36":{"start":{"line":101,"column":4},"end":{"line":101,"column":49}},"37":{"start":{"line":101,"column":39},"end":{"line":101,"column":49}},"38":{"start":{"line":102,"column":27},"end":{"line":102,"column":66}},"39":{"start":{"line":103,"column":25},"end":{"line":103,"column":62}},"40":{"start":{"line":104,"column":4},"end":{"line":104,"column":90}},"41":{"start":{"line":113,"column":22},"end":{"line":118,"column":1}},"42":{"start":{"line":114,"column":4},"end":{"line":114,"column":49}},"43":{"start":{"line":114,"column":39},"end":{"line":114,"column":49}},"44":{"start":{"line":115,"column":27},"end":{"line":115,"column":65}},"45":{"start":{"line":116,"column":25},"end":{"line":116,"column":61}},"46":{"start":{"line":117,"column":4},"end":{"line":117,"column":90}},"47":{"start":{"line":126,"column":25},"end":{"line":131,"column":1}},"48":{"start":{"line":127,"column":4},"end":{"line":127,"column":49}},"49":{"start":{"line":127,"column":39},"end":{"line":127,"column":49}},"50":{"start":{"line":128,"column":27},"end":{"line":128,"column":69}},"51":{"start":{"line":129,"column":25},"end":{"line":129,"column":65}},"52":{"start":{"line":130,"column":4},"end":{"line":130,"column":90}},"53":{"start":{"line":138,"column":22},"end":{"line":141,"column":1}},"54":{"start":{"line":139,"column":4},"end":{"line":139,"column":49}},"55":{"start":{"line":139,"column":39},"end":{"line":139,"column":49}},"56":{"start":{"line":140,"column":4},"end":{"line":140,"column":36}},"57":{"start":{"line":143,"column":0},"end":{"line":153,"column":2}}},"fnMap":{"0":{"name":"(anonymous_0)","decl":{"start":{"line":23,"column":22},"end":{"line":23,"column":23}},"loc":{"start":{"line":23,"column":61},"end":{"line":28,"column":1}},"line":23},"1":{"name":"(anonymous_1)","decl":{"start":{"line":36,"column":24},"end":{"line":36,"column":25}},"loc":{"start":{"line":36,"column":63},"end":{"line":41,"column":1}},"line":36},"2":{"name":"(anonymous_2)","decl":{"start":{"line":49,"column":23},"end":{"line":49,"column":24}},"loc":{"start":{"line":49,"column":62},"end":{"line":54,"column":1}},"line":49},"3":{"name":"(anonymous_3)","decl":{"start":{"line":66,"column":17},"end":{"line":66,"column":18}},"loc":{"start":{"line":66,"column":56},"end":{"line":71,"column":1}},"line":66},"4":{"name":"(anonymous_4)","decl":{"start":{"line":83,"column":21},"end":{"line":83,"column":22}},"loc":{"start":{"line":83,"column":60},"end":{"line":91,"column":1}},"line":83},"5":{"name":"(anonymous_5)","decl":{"start":{"line":100,"column":20},"end":{"line":100,"column":21}},"loc":{"start":{"line":100,"column":59},"end":{"line":105,"column":1}},"line":100},"6":{"name":"(anonymous_6)","decl":{"start":{"line":113,"column":22},"end":{"line":113,"column":23}},"loc":{"start":{"line":113,"column":61},"end":{"line":118,"column":1}},"line":113},"7":{"name":"(anonymous_7)","decl":{"start":{"line":126,"column":25},"end":{"line":126,"column":26}},"loc":{"start":{"line":126,"column":64},"end":{"line":131,"column":1}},"line":126},"8":{"name":"(anonymous_8)","decl":{"start":{"line":138,"column":22},"end":{"line":138,"column":23}},"loc":{"start":{"line":138,"column":29},"end":{"line":141,"column":1}},"line":138}},"branchMap":{"0":{"loc":{"start":{"line":23,"column":26},"end":{"line":23,"column":56}},"type":"default-arg","locations":[{"start":{"line":23,"column":39},"end":{"line":23,"column":56}}],"line":23},"1":{"loc":{"start":{"line":24,"column":4},"end":{"line":24,"column":49}},"type":"if","locations":[{"start":{"line":24,"column":4},"end":{"line":24,"column":49}},{"start":{},"end":{}}],"line":24},"2":{"loc":{"start":{"line":24,"column":8},"end":{"line":24,"column":37}},"type":"binary-expr","locations":[{"start":{"line":24,"column":8},"end":{"line":24,"column":18}},{"start":{"line":24,"column":22},"end":{"line":24,"column":37}}],"line":24},"3":{"loc":{"start":{"line":25,"column":27},"end":{"line":25,"column":63}},"type":"binary-expr","locations":[{"start":{"line":25,"column":27},"end":{"line":25,"column":57}},{"start":{"line":25,"column":61},"end":{"line":25,"column":63}}],"line":25},"4":{"loc":{"start":{"line":26,"column":25},"end":{"line":26,"column":59}},"type":"binary-expr","locations":[{"start":{"line":26,"column":25},"end":{"line":26,"column":53}},{"start":{"line":26,"column":57},"end":{"line":26,"column":59}}],"line":26},"5":{"loc":{"start":{"line":27,"column":11},"end":{"line":27,"column":89}},"type":"cond-expr","locations":[{"start":{"line":27,"column":33},"end":{"line":27,"column":43}},{"start":{"line":27,"column":46},"end":{"line":27,"column":89}}],"line":27},"6":{"loc":{"start":{"line":27,"column":46},"end":{"line":27,"column":89}},"type":"cond-expr","locations":[{"start":{"line":27,"column":65},"end":{"line":27,"column":76}},{"start":{"line":27,"column":79},"end":{"line":27,"column":89}}],"line":27},"7":{"loc":{"start":{"line":36,"column":28},"end":{"line":36,"column":58}},"type":"default-arg","locations":[{"start":{"line":36,"column":41},"end":{"line":36,"column":58}}],"line":36},"8":{"loc":{"start":{"line":37,"column":4},"end":{"line":37,"column":49}},"type":"if","locations":[{"start":{"line":37,"column":4},"end":{"line":37,"column":49}},{"start":{},"end":{}}],"line":37},"9":{"loc":{"start":{"line":37,"column":8},"end":{"line":37,"column":37}},"type":"binary-expr","locations":[{"start":{"line":37,"column":8},"end":{"line":37,"column":18}},{"start":{"line":37,"column":22},"end":{"line":37,"column":37}}],"line":37},"10":{"loc":{"start":{"line":38,"column":27},"end":{"line":38,"column":62}},"type":"binary-expr","locations":[{"start":{"line":38,"column":27},"end":{"line":38,"column":56}},{"start":{"line":38,"column":60},"end":{"line":38,"column":62}}],"line":38},"11":{"loc":{"start":{"line":39,"column":25},"end":{"line":39,"column":58}},"type":"binary-expr","locations":[{"start":{"line":39,"column":25},"end":{"line":39,"column":52}},{"start":{"line":39,"column":56},"end":{"line":39,"column":58}}],"line":39},"12":{"loc":{"start":{"line":40,"column":11},"end":{"line":40,"column":89}},"type":"cond-expr","locations":[{"start":{"line":40,"column":33},"end":{"line":40,"column":43}},{"start":{"line":40,"column":46},"end":{"line":40,"column":89}}],"line":40},"13":{"loc":{"start":{"line":40,"column":46},"end":{"line":40,"column":89}},"type":"cond-expr","locations":[{"start":{"line":40,"column":65},"end":{"line":40,"column":76}},{"start":{"line":40,"column":79},"end":{"line":40,"column":89}}],"line":40},"14":{"loc":{"start":{"line":49,"column":27},"end":{"line":49,"column":57}},"type":"default-arg","locations":[{"start":{"line":49,"column":40},"end":{"line":49,"column":57}}],"line":49},"15":{"loc":{"start":{"line":50,"column":4},"end":{"line":50,"column":49}},"type":"if","locations":[{"start":{"line":50,"column":4},"end":{"line":50,"column":49}},{"start":{},"end":{}}],"line":50},"16":{"loc":{"start":{"line":50,"column":8},"end":{"line":50,"column":37}},"type":"binary-expr","locations":[{"start":{"line":50,"column":8},"end":{"line":50,"column":18}},{"start":{"line":50,"column":22},"end":{"line":50,"column":37}}],"line":50},"17":{"loc":{"start":{"line":51,"column":27},"end":{"line":51,"column":66}},"type":"binary-expr","locations":[{"start":{"line":51,"column":27},"end":{"line":51,"column":60}},{"start":{"line":51,"column":64},"end":{"line":51,"column":66}}],"line":51},"18":{"loc":{"start":{"line":52,"column":25},"end":{"line":52,"column":62}},"type":"binary-expr","locations":[{"start":{"line":52,"column":25},"end":{"line":52,"column":56}},{"start":{"line":52,"column":60},"end":{"line":52,"column":62}}],"line":52},"19":{"loc":{"start":{"line":53,"column":11},"end":{"line":53,"column":89}},"type":"cond-expr","locations":[{"start":{"line":53,"column":33},"end":{"line":53,"column":43}},{"start":{"line":53,"column":46},"end":{"line":53,"column":89}}],"line":53},"20":{"loc":{"start":{"line":53,"column":46},"end":{"line":53,"column":89}},"type":"cond-expr","locations":[{"start":{"line":53,"column":65},"end":{"line":53,"column":76}},{"start":{"line":53,"column":79},"end":{"line":53,"column":89}}],"line":53},"21":{"loc":{"start":{"line":66,"column":21},"end":{"line":66,"column":51}},"type":"default-arg","locations":[{"start":{"line":66,"column":34},"end":{"line":66,"column":51}}],"line":66},"22":{"loc":{"start":{"line":67,"column":4},"end":{"line":67,"column":49}},"type":"if","locations":[{"start":{"line":67,"column":4},"end":{"line":67,"column":49}},{"start":{},"end":{}}],"line":67},"23":{"loc":{"start":{"line":67,"column":8},"end":{"line":67,"column":37}},"type":"binary-expr","locations":[{"start":{"line":67,"column":8},"end":{"line":67,"column":18}},{"start":{"line":67,"column":22},"end":{"line":67,"column":37}}],"line":67},"24":{"loc":{"start":{"line":68,"column":27},"end":{"line":68,"column":60}},"type":"binary-expr","locations":[{"start":{"line":68,"column":27},"end":{"line":68,"column":53}},{"start":{"line":68,"column":57},"end":{"line":68,"column":60}}],"line":68},"25":{"loc":{"start":{"line":69,"column":25},"end":{"line":69,"column":56}},"type":"binary-expr","locations":[{"start":{"line":69,"column":25},"end":{"line":69,"column":49}},{"start":{"line":69,"column":53},"end":{"line":69,"column":56}}],"line":69},"26":{"loc":{"start":{"line":70,"column":11},"end":{"line":70,"column":89}},"type":"cond-expr","locations":[{"start":{"line":70,"column":33},"end":{"line":70,"column":43}},{"start":{"line":70,"column":46},"end":{"line":70,"column":89}}],"line":70},"27":{"loc":{"start":{"line":70,"column":46},"end":{"line":70,"column":89}},"type":"cond-expr","locations":[{"start":{"line":70,"column":65},"end":{"line":70,"column":76}},{"start":{"line":70,"column":79},"end":{"line":70,"column":89}}],"line":70},"28":{"loc":{"start":{"line":83,"column":25},"end":{"line":83,"column":55}},"type":"default-arg","locations":[{"start":{"line":83,"column":38},"end":{"line":83,"column":55}}],"line":83},"29":{"loc":{"start":{"line":84,"column":4},"end":{"line":84,"column":31}},"type":"if","locations":[{"start":{"line":84,"column":4},"end":{"line":84,"column":31}},{"start":{},"end":{}}],"line":84},"30":{"loc":{"start":{"line":86,"column":4},"end":{"line":86,"column":50}},"type":"if","locations":[{"start":{"line":86,"column":4},"end":{"line":86,"column":50}},{"start":{},"end":{}}],"line":86},"31":{"loc":{"start":{"line":88,"column":27},"end":{"line":88,"column":60}},"type":"binary-expr","locations":[{"start":{"line":88,"column":27},"end":{"line":88,"column":54}},{"start":{"line":88,"column":58},"end":{"line":88,"column":60}}],"line":88},"32":{"loc":{"start":{"line":89,"column":25},"end":{"line":89,"column":56}},"type":"binary-expr","locations":[{"start":{"line":89,"column":25},"end":{"line":89,"column":50}},{"start":{"line":89,"column":54},"end":{"line":89,"column":56}}],"line":89},"33":{"loc":{"start":{"line":90,"column":11},"end":{"line":90,"column":93}},"type":"cond-expr","locations":[{"start":{"line":90,"column":35},"end":{"line":90,"column":45}},{"start":{"line":90,"column":48},"end":{"line":90,"column":93}}],"line":90},"34":{"loc":{"start":{"line":90,"column":48},"end":{"line":90,"column":93}},"type":"cond-expr","locations":[{"start":{"line":90,"column":69},"end":{"line":90,"column":80}},{"start":{"line":90,"column":83},"end":{"line":90,"column":93}}],"line":90},"35":{"loc":{"start":{"line":100,"column":24},"end":{"line":100,"column":54}},"type":"default-arg","locations":[{"start":{"line":100,"column":37},"end":{"line":100,"column":54}}],"line":100},"36":{"loc":{"start":{"line":101,"column":4},"end":{"line":101,"column":49}},"type":"if","locations":[{"start":{"line":101,"column":4},"end":{"line":101,"column":49}},{"start":{},"end":{}}],"line":101},"37":{"loc":{"start":{"line":101,"column":8},"end":{"line":101,"column":37}},"type":"binary-expr","locations":[{"start":{"line":101,"column":8},"end":{"line":101,"column":18}},{"start":{"line":101,"column":22},"end":{"line":101,"column":37}}],"line":101},"38":{"loc":{"start":{"line":102,"column":27},"end":{"line":102,"column":66}},"type":"binary-expr","locations":[{"start":{"line":102,"column":27},"end":{"line":102,"column":60}},{"start":{"line":102,"column":64},"end":{"line":102,"column":66}}],"line":102},"39":{"loc":{"start":{"line":103,"column":25},"end":{"line":103,"column":62}},"type":"binary-expr","locations":[{"start":{"line":103,"column":25},"end":{"line":103,"column":56}},{"start":{"line":103,"column":60},"end":{"line":103,"column":62}}],"line":103},"40":{"loc":{"start":{"line":104,"column":11},"end":{"line":104,"column":89}},"type":"cond-expr","locations":[{"start":{"line":104,"column":33},"end":{"line":104,"column":43}},{"start":{"line":104,"column":46},"end":{"line":104,"column":89}}],"line":104},"41":{"loc":{"start":{"line":104,"column":46},"end":{"line":104,"column":89}},"type":"cond-expr","locations":[{"start":{"line":104,"column":65},"end":{"line":104,"column":76}},{"start":{"line":104,"column":79},"end":{"line":104,"column":89}}],"line":104},"42":{"loc":{"start":{"line":113,"column":26},"end":{"line":113,"column":56}},"type":"default-arg","locations":[{"start":{"line":113,"column":39},"end":{"line":113,"column":56}}],"line":113},"43":{"loc":{"start":{"line":114,"column":4},"end":{"line":114,"column":49}},"type":"if","locations":[{"start":{"line":114,"column":4},"end":{"line":114,"column":49}},{"start":{},"end":{}}],"line":114},"44":{"loc":{"start":{"line":114,"column":8},"end":{"line":114,"column":37}},"type":"binary-expr","locations":[{"start":{"line":114,"column":8},"end":{"line":114,"column":18}},{"start":{"line":114,"column":22},"end":{"line":114,"column":37}}],"line":114},"45":{"loc":{"start":{"line":115,"column":27},"end":{"line":115,"column":65}},"type":"binary-expr","locations":[{"start":{"line":115,"column":27},"end":{"line":115,"column":59}},{"start":{"line":115,"column":63},"end":{"line":115,"column":65}}],"line":115},"46":{"loc":{"start":{"line":116,"column":25},"end":{"line":116,"column":61}},"type":"binary-expr","locations":[{"start":{"line":116,"column":25},"end":{"line":116,"column":55}},{"start":{"line":116,"column":59},"end":{"line":116,"column":61}}],"line":116},"47":{"loc":{"start":{"line":117,"column":11},"end":{"line":117,"column":89}},"type":"cond-expr","locations":[{"start":{"line":117,"column":33},"end":{"line":117,"column":43}},{"start":{"line":117,"column":46},"end":{"line":117,"column":89}}],"line":117},"48":{"loc":{"start":{"line":117,"column":46},"end":{"line":117,"column":89}},"type":"cond-expr","locations":[{"start":{"line":117,"column":65},"end":{"line":117,"column":76}},{"start":{"line":117,"column":79},"end":{"line":117,"column":89}}],"line":117},"49":{"loc":{"start":{"line":126,"column":29},"end":{"line":126,"column":59}},"type":"default-arg","locations":[{"start":{"line":126,"column":42},"end":{"line":126,"column":59}}],"line":126},"50":{"loc":{"start":{"line":127,"column":4},"end":{"line":127,"column":49}},"type":"if","locations":[{"start":{"line":127,"column":4},"end":{"line":127,"column":49}},{"start":{},"end":{}}],"line":127},"51":{"loc":{"start":{"line":127,"column":8},"end":{"line":127,"column":37}},"type":"binary-expr","locations":[{"start":{"line":127,"column":8},"end":{"line":127,"column":18}},{"start":{"line":127,"column":22},"end":{"line":127,"column":37}}],"line":127},"52":{"loc":{"start":{"line":128,"column":27},"end":{"line":128,"column":69}},"type":"binary-expr","locations":[{"start":{"line":128,"column":27},"end":{"line":128,"column":63}},{"start":{"line":128,"column":67},"end":{"line":128,"column":69}}],"line":128},"53":{"loc":{"start":{"line":129,"column":25},"end":{"line":129,"column":65}},"type":"binary-expr","locations":[{"start":{"line":129,"column":25},"end":{"line":129,"column":59}},{"start":{"line":129,"column":63},"end":{"line":129,"column":65}}],"line":129},"54":{"loc":{"start":{"line":130,"column":11},"end":{"line":130,"column":89}},"type":"cond-expr","locations":[{"start":{"line":130,"column":33},"end":{"line":130,"column":43}},{"start":{"line":130,"column":46},"end":{"line":130,"column":89}}],"line":130},"55":{"loc":{"start":{"line":130,"column":46},"end":{"line":130,"column":89}},"type":"cond-expr","locations":[{"start":{"line":130,"column":65},"end":{"line":130,"column":76}},{"start":{"line":130,"column":79},"end":{"line":130,"column":89}}],"line":130},"56":{"loc":{"start":{"line":139,"column":4},"end":{"line":139,"column":49}},"type":"if","locations":[{"start":{"line":139,"column":4},"end":{"line":139,"column":49}},{"start":{},"end":{}}],"line":139},"57":{"loc":{"start":{"line":139,"column":8},"end":{"line":139,"column":37}},"type":"binary-expr","locations":[{"start":{"line":139,"column":8},"end":{"line":139,"column":18}},{"start":{"line":139,"column":22},"end":{"line":139,"column":37}}],"line":139},"58":{"loc":{"start":{"line":140,"column":11},"end":{"line":140,"column":35}},"type":"cond-expr","locations":[{"start":{"line":140,"column":19},"end":{"line":140,"column":30}},{"start":{"line":140,"column":33},"end":{"line":140,"column":35}}],"line":140}},"s":{"0":2,"1":2,"2":102,"3":4,"4":98,"5":98,"6":98,"7":2,"8":5,"9":1,"10":4,"11":4,"12":4,"13":2,"14":3,"15":0,"16":3,"17":3,"18":3,"19":2,"20":80,"21":4,"22":76,"23":76,"24":76,"25":2,"26":25,"27":6,"28":19,"29":19,"30":5,"31":14,"32":14,"33":14,"34":14,"35":2,"36":6,"37":0,"38":6,"39":6,"40":6,"41":2,"42":3,"43":0,"44":3,"45":3,"46":3,"47":2,"48":3,"49":0,"50":3,"51":3,"52":3,"53":2,"54":6,"55":2,"56":4,"57":2},"f":{"0":102,"1":5,"2":3,"3":80,"4":25,"5":6,"6":3,"7":3,"8":6},"b":{"0":[74],"1":[4,98],"2":[102,100],"3":[98,0],"4":[98,0],"5":[25,73],"6":[59,14],"7":[5],"8":[1,4],"9":[5,4],"10":[4,0],"11":[4,0],"12":[2,2],"13":[1,1],"14":[3],"15":[0,3],"16":[3,3],"17":[3,0],"18":[3,0],"19":[1,2],"20":[1,1],"21":[74],"22":[4,76],"23":[80,78],"24":[76,0],"25":[76,0],"26":[24,52],"27":[40,12],"28":[22],"29":[6,19],"30":[5,14],"31":[14,0],"32":[14,0],"33":[6,8],"34":[7,1],"35":[3],"36":[0,6],"37":[6,6],"38":[6,0],"39":[6,0],"40":[2,4],"41":[2,2],"42":[3],"43":[0,3],"44":[3,3],"45":[3,0],"46":[3,0],"47":[1,2],"48":[1,1],"49":[3],"50":[0,3],"51":[3,3],"52":[3,0],"53":[3,0],"54":[1,2],"55":[1,1],"56":[2,4],"57":[6,5],"58":[3,1]},"_coverageSchema":"1a1c01bbd47fc00a2c39e90264f33305004495a9","hash":"cb3e4751a04c7a860a5ff9b3c71a39cdbaee380a"}
,"/Users/torinturner/Documents/GitHub/RiskDash/src/dataModels.js": {"path":"/Users/torinturner/Documents/GitHub/RiskDash/src/dataModels.js","statementMap":{"0":{"start":{"line":16,"column":23},"end":{"line":63,"column":2}},"1":{"start":{"line":16,"column":73},"end":{"line":63,"column":1}},"2":{"start":{"line":70,"column":23},"end":{"line":73,"column":2}},"3":{"start":{"line":70,"column":44},"end":{"line":73,"column":1}},"4":{"start":{"line":80,"column":26},"end":{"line":121,"column":1}},"5":{"start":{"line":81,"column":16},"end":{"line":81,"column":26}},"6":{"start":{"line":82,"column":23},"end":{"line":82,"column":76}},"7":{"start":{"line":84,"column":4},"end":{"line":120,"column":6}},"8":{"start":{"line":128,"column":27},"end":{"line":135,"column":1}},"9":{"start":{"line":129,"column":4},"end":{"line":134,"column":7}},"10":{"start":{"line":142,"column":25},"end":{"line":165,"column":1}},"11":{"start":{"line":143,"column":4},"end":{"line":164,"column":6}},"12":{"start":{"line":172,"column":23},"end":{"line":179,"column":1}},"13":{"start":{"line":173,"column":4},"end":{"line":178,"column":7}},"14":{"start":{"line":184,"column":23},"end":{"line":188,"column":1}},"15":{"start":{"line":196,"column":24},"end":{"line":199,"column":1}},"16":{"start":{"line":197,"column":4},"end":{"line":197,"column":30}},"17":{"start":{"line":197,"column":20},"end":{"line":197,"column":30}},"18":{"start":{"line":198,"column":4},"end":{"line":198,"column":97}},"19":{"start":{"line":198,"column":33},"end":{"line":198,"column":95}},"20":{"start":{"line":201,"column":0},"end":{"line":210,"column":2}}},"fnMap":{"0":{"name":"(anonymous_0)","decl":{"start":{"line":16,"column":23},"end":{"line":16,"column":24}},"loc":{"start":{"line":16,"column":73},"end":{"line":63,"column":1}},"line":16},"1":{"name":"(anonymous_1)","decl":{"start":{"line":70,"column":23},"end":{"line":70,"column":24}},"loc":{"start":{"line":70,"column":44},"end":{"line":73,"column":1}},"line":70},"2":{"name":"(anonymous_2)","decl":{"start":{"line":80,"column":26},"end":{"line":80,"column":27}},"loc":{"start":{"line":80,"column":46},"end":{"line":121,"column":1}},"line":80},"3":{"name":"(anonymous_3)","decl":{"start":{"line":128,"column":27},"end":{"line":128,"column":28}},"loc":{"start":{"line":128,"column":47},"end":{"line":135,"column":1}},"line":128},"4":{"name":"(anonymous_4)","decl":{"start":{"line":142,"column":25},"end":{"line":142,"column":26}},"loc":{"start":{"line":142,"column":45},"end":{"line":165,"column":1}},"line":142},"5":{"name":"(anonymous_5)","decl":{"start":{"line":172,"column":23},"end":{"line":172,"column":24}},"loc":{"start":{"line":172,"column":43},"end":{"line":179,"column":1}},"line":172},"6":{"name":"(anonymous_6)","decl":{"start":{"line":196,"column":24},"end":{"line":196,"column":25}},"loc":{"start":{"line":196,"column":45},"end":{"line":199,"column":1}},"line":196},"7":{"name":"(anonymous_7)","decl":{"start":{"line":198,"column":28},"end":{"line":198,"column":29}},"loc":{"start":{"line":198,"column":33},"end":{"line":198,"column":95}},"line":198}},"branchMap":{"0":{"loc":{"start":{"line":16,"column":53},"end":{"line":16,"column":67}},"type":"default-arg","locations":[{"start":{"line":16,"column":62},"end":{"line":16,"column":67}}],"line":16},"1":{"loc":{"start":{"line":70,"column":24},"end":{"line":70,"column":38}},"type":"default-arg","locations":[{"start":{"line":70,"column":36},"end":{"line":70,"column":38}}],"line":70},"2":{"loc":{"start":{"line":80,"column":27},"end":{"line":80,"column":41}},"type":"default-arg","locations":[{"start":{"line":80,"column":39},"end":{"line":80,"column":41}}],"line":80},"3":{"loc":{"start":{"line":128,"column":28},"end":{"line":128,"column":42}},"type":"default-arg","locations":[{"start":{"line":128,"column":40},"end":{"line":128,"column":42}}],"line":128},"4":{"loc":{"start":{"line":142,"column":26},"end":{"line":142,"column":40}},"type":"default-arg","locations":[{"start":{"line":142,"column":38},"end":{"line":142,"column":40}}],"line":142},"5":{"loc":{"start":{"line":172,"column":24},"end":{"line":172,"column":38}},"type":"default-arg","locations":[{"start":{"line":172,"column":36},"end":{"line":172,"column":38}}],"line":172},"6":{"loc":{"start":{"line":197,"column":4},"end":{"line":197,"column":30}},"type":"if","locations":[{"start":{"line":197,"column":4},"end":{"line":197,"column":30}},{"start":{},"end":{}}],"line":197},"7":{"loc":{"start":{"line":198,"column":33},"end":{"line":198,"column":95}},"type":"binary-expr","locations":[{"start":{"line":198,"column":33},"end":{"line":198,"column":72}},{"start":{"line":198,"column":76},"end":{"line":198,"column":95}}],"line":198}},"s":{"0":3,"1":1244,"2":3,"3":0,"4":3,"5":1238,"6":1238,"7":1238,"8":3,"9":7,"10":3,"11":6,"12":3,"13":12,"14":3,"15":3,"16":0,"17":0,"18":0,"19":0,"20":3},"f":{"0":1244,"1":0,"2":1238,"3":7,"4":6,"5":12,"6":0,"7":0},"b":{"0":[0],"1":[0],"2":[9],"3":[3],"4":[3],"5":[0],"6":[0,0],"7":[0,0]},"_coverageSchema":"1a1c01bbd47fc00a2c39e90264f33305004495a9","hash":"818bb701ef820579def8dfd9e066fd4cd3381be9"}
,"/Users/torinturner/Documents/GitHub/RiskDash/src/dynamicLegend.js": {"path":"/Users/torinturner/Documents/GitHub/RiskDash/src/dynamicLegend.js","statementMap":{"0":{"start":{"line":6,"column":30},"end":{"line":6,"column":53}},"1":{"start":{"line":15,"column":30},"end":{"line":88,"column":1}},"2":{"start":{"line":16,"column":14},"end":{"line":16,"column":45}},"3":{"start":{"line":19,"column":20},"end":{"line":19,"column":55}},"4":{"start":{"line":22,"column":4},"end":{"line":24,"column":5}},"5":{"start":{"line":23,"column":8},"end":{"line":23,"column":57}},"6":{"start":{"line":25,"column":4},"end":{"line":27,"column":5}},"7":{"start":{"line":26,"column":8},"end":{"line":26,"column":56}},"8":{"start":{"line":28,"column":4},"end":{"line":30,"column":5}},"9":{"start":{"line":29,"column":8},"end":{"line":29,"column":65}},"10":{"start":{"line":31,"column":4},"end":{"line":33,"column":5}},"11":{"start":{"line":32,"column":8},"end":{"line":32,"column":67}},"12":{"start":{"line":34,"column":4},"end":{"line":36,"column":5}},"13":{"start":{"line":35,"column":8},"end":{"line":35,"column":73}},"14":{"start":{"line":37,"column":4},"end":{"line":39,"column":5}},"15":{"start":{"line":38,"column":8},"end":{"line":38,"column":68}},"16":{"start":{"line":41,"column":17},"end":{"line":41,"column":39}},"17":{"start":{"line":44,"column":19},"end":{"line":47,"column":5}},"18":{"start":{"line":50,"column":4},"end":{"line":52,"column":5}},"19":{"start":{"line":51,"column":8},"end":{"line":51,"column":73}},"20":{"start":{"line":53,"column":4},"end":{"line":55,"column":5}},"21":{"start":{"line":54,"column":8},"end":{"line":54,"column":71}},"22":{"start":{"line":58,"column":4},"end":{"line":58,"column":60}},"23":{"start":{"line":59,"column":4},"end":{"line":59,"column":57}},"24":{"start":{"line":61,"column":16},"end":{"line":61,"column":47}},"25":{"start":{"line":64,"column":19},"end":{"line":67,"column":5}},"26":{"start":{"line":70,"column":4},"end":{"line":72,"column":5}},"27":{"start":{"line":71,"column":8},"end":{"line":71,"column":76}},"28":{"start":{"line":73,"column":4},"end":{"line":75,"column":5}},"29":{"start":{"line":74,"column":8},"end":{"line":74,"column":74}},"30":{"start":{"line":78,"column":4},"end":{"line":78,"column":57}},"31":{"start":{"line":81,"column":4},"end":{"line":83,"column":5}},"32":{"start":{"line":82,"column":8},"end":{"line":82,"column":57}},"33":{"start":{"line":85,"column":16},"end":{"line":85,"column":35}},"34":{"start":{"line":87,"column":4},"end":{"line":87,"column":30}},"35":{"start":{"line":96,"column":25},"end":{"line":101,"column":1}},"36":{"start":{"line":97,"column":4},"end":{"line":97,"column":25}},"37":{"start":{"line":97,"column":15},"end":{"line":97,"column":25}},"38":{"start":{"line":98,"column":4},"end":{"line":100,"column":7}},"39":{"start":{"line":99,"column":8},"end":{"line":99,"column":71}},"40":{"start":{"line":103,"column":0},"end":{"line":106,"column":2}}},"fnMap":{"0":{"name":"(anonymous_0)","decl":{"start":{"line":15,"column":30},"end":{"line":15,"column":31}},"loc":{"start":{"line":15,"column":46},"end":{"line":88,"column":1}},"line":15},"1":{"name":"(anonymous_1)","decl":{"start":{"line":96,"column":25},"end":{"line":96,"column":26}},"loc":{"start":{"line":96,"column":47},"end":{"line":101,"column":1}},"line":96},"2":{"name":"(anonymous_2)","decl":{"start":{"line":98,"column":38},"end":{"line":98,"column":39}},"loc":{"start":{"line":98,"column":54},"end":{"line":100,"column":5}},"line":98}},"branchMap":{"0":{"loc":{"start":{"line":16,"column":14},"end":{"line":16,"column":45}},"type":"binary-expr","locations":[{"start":{"line":16,"column":14},"end":{"line":16,"column":24}},{"start":{"line":16,"column":28},"end":{"line":16,"column":45}}],"line":16},"1":{"loc":{"start":{"line":22,"column":4},"end":{"line":24,"column":5}},"type":"if","locations":[{"start":{"line":22,"column":4},"end":{"line":24,"column":5}},{"start":{},"end":{}}],"line":22},"2":{"loc":{"start":{"line":22,"column":9},"end":{"line":22,"column":35}},"type":"binary-expr","locations":[{"start":{"line":22,"column":9},"end":{"line":22,"column":28}},{"start":{"line":22,"column":32},"end":{"line":22,"column":35}}],"line":22},"3":{"loc":{"start":{"line":25,"column":4},"end":{"line":27,"column":5}},"type":"if","locations":[{"start":{"line":25,"column":4},"end":{"line":27,"column":5}},{"start":{},"end":{}}],"line":25},"4":{"loc":{"start":{"line":25,"column":9},"end":{"line":25,"column":34}},"type":"binary-expr","locations":[{"start":{"line":25,"column":9},"end":{"line":25,"column":27}},{"start":{"line":25,"column":31},"end":{"line":25,"column":34}}],"line":25},"5":{"loc":{"start":{"line":28,"column":4},"end":{"line":30,"column":5}},"type":"if","locations":[{"start":{"line":28,"column":4},"end":{"line":30,"column":5}},{"start":{},"end":{}}],"line":28},"6":{"loc":{"start":{"line":28,"column":9},"end":{"line":28,"column":41}},"type":"binary-expr","locations":[{"start":{"line":28,"column":9},"end":{"line":28,"column":34}},{"start":{"line":28,"column":38},"end":{"line":28,"column":41}}],"line":28},"7":{"loc":{"start":{"line":31,"column":4},"end":{"line":33,"column":5}},"type":"if","locations":[{"start":{"line":31,"column":4},"end":{"line":33,"column":5}},{"start":{},"end":{}}],"line":31},"8":{"loc":{"start":{"line":31,"column":9},"end":{"line":31,"column":35}},"type":"binary-expr","locations":[{"start":{"line":31,"column":9},"end":{"line":31,"column":30}},{"start":{"line":31,"column":34},"end":{"line":31,"column":35}}],"line":31},"9":{"loc":{"start":{"line":34,"column":4},"end":{"line":36,"column":5}},"type":"if","locations":[{"start":{"line":34,"column":4},"end":{"line":36,"column":5}},{"start":{},"end":{}}],"line":34},"10":{"loc":{"start":{"line":34,"column":9},"end":{"line":34,"column":42}},"type":"binary-expr","locations":[{"start":{"line":34,"column":9},"end":{"line":34,"column":37}},{"start":{"line":34,"column":41},"end":{"line":34,"column":42}}],"line":34},"11":{"loc":{"start":{"line":37,"column":4},"end":{"line":39,"column":5}},"type":"if","locations":[{"start":{"line":37,"column":4},"end":{"line":39,"column":5}},{"start":{},"end":{}}],"line":37},"12":{"loc":{"start":{"line":37,"column":9},"end":{"line":37,"column":39}},"type":"binary-expr","locations":[{"start":{"line":37,"column":9},"end":{"line":37,"column":34}},{"start":{"line":37,"column":38},"end":{"line":37,"column":39}}],"line":37},"13":{"loc":{"start":{"line":45,"column":19},"end":{"line":45,"column":38}},"type":"binary-expr","locations":[{"start":{"line":45,"column":19},"end":{"line":45,"column":31}},{"start":{"line":45,"column":35},"end":{"line":45,"column":38}}],"line":45},"14":{"loc":{"start":{"line":46,"column":23},"end":{"line":46,"column":49}},"type":"binary-expr","locations":[{"start":{"line":46,"column":23},"end":{"line":46,"column":43}},{"start":{"line":46,"column":47},"end":{"line":46,"column":49}}],"line":46},"15":{"loc":{"start":{"line":50,"column":4},"end":{"line":52,"column":5}},"type":"if","locations":[{"start":{"line":50,"column":4},"end":{"line":52,"column":5}},{"start":{},"end":{}}],"line":50},"16":{"loc":{"start":{"line":50,"column":9},"end":{"line":50,"column":42}},"type":"binary-expr","locations":[{"start":{"line":50,"column":9},"end":{"line":50,"column":37}},{"start":{"line":50,"column":41},"end":{"line":50,"column":42}}],"line":50},"17":{"loc":{"start":{"line":53,"column":4},"end":{"line":55,"column":5}},"type":"if","locations":[{"start":{"line":53,"column":4},"end":{"line":55,"column":5}},{"start":{},"end":{}}],"line":53},"18":{"loc":{"start":{"line":53,"column":9},"end":{"line":53,"column":41}},"type":"binary-expr","locations":[{"start":{"line":53,"column":9},"end":{"line":53,"column":36}},{"start":{"line":53,"column":40},"end":{"line":53,"column":41}}],"line":53},"19":{"loc":{"start":{"line":58,"column":30},"end":{"line":58,"column":55}},"type":"binary-expr","locations":[{"start":{"line":58,"column":30},"end":{"line":58,"column":49}},{"start":{"line":58,"column":53},"end":{"line":58,"column":55}}],"line":58},"20":{"loc":{"start":{"line":59,"column":29},"end":{"line":59,"column":53}},"type":"binary-expr","locations":[{"start":{"line":59,"column":29},"end":{"line":59,"column":47}},{"start":{"line":59,"column":51},"end":{"line":59,"column":53}}],"line":59},"21":{"loc":{"start":{"line":65,"column":19},"end":{"line":65,"column":35}},"type":"binary-expr","locations":[{"start":{"line":65,"column":19},"end":{"line":65,"column":28}},{"start":{"line":65,"column":32},"end":{"line":65,"column":35}}],"line":65},"22":{"loc":{"start":{"line":66,"column":20},"end":{"line":66,"column":50}},"type":"binary-expr","locations":[{"start":{"line":66,"column":20},"end":{"line":66,"column":44}},{"start":{"line":66,"column":48},"end":{"line":66,"column":50}}],"line":66},"23":{"loc":{"start":{"line":70,"column":4},"end":{"line":72,"column":5}},"type":"if","locations":[{"start":{"line":70,"column":4},"end":{"line":72,"column":5}},{"start":{},"end":{}}],"line":70},"24":{"loc":{"start":{"line":70,"column":9},"end":{"line":70,"column":50}},"type":"binary-expr","locations":[{"start":{"line":70,"column":9},"end":{"line":70,"column":45}},{"start":{"line":70,"column":49},"end":{"line":70,"column":50}}],"line":70},"25":{"loc":{"start":{"line":71,"column":37},"end":{"line":71,"column":71}},"type":"binary-expr","locations":[{"start":{"line":71,"column":37},"end":{"line":71,"column":65}},{"start":{"line":71,"column":69},"end":{"line":71,"column":71}}],"line":71},"26":{"loc":{"start":{"line":73,"column":4},"end":{"line":75,"column":5}},"type":"if","locations":[{"start":{"line":73,"column":4},"end":{"line":75,"column":5}},{"start":{},"end":{}}],"line":73},"27":{"loc":{"start":{"line":73,"column":9},"end":{"line":73,"column":49}},"type":"binary-expr","locations":[{"start":{"line":73,"column":9},"end":{"line":73,"column":44}},{"start":{"line":73,"column":48},"end":{"line":73,"column":49}}],"line":73},"28":{"loc":{"start":{"line":74,"column":36},"end":{"line":74,"column":69}},"type":"binary-expr","locations":[{"start":{"line":74,"column":36},"end":{"line":74,"column":63}},{"start":{"line":74,"column":67},"end":{"line":74,"column":69}}],"line":74},"29":{"loc":{"start":{"line":78,"column":27},"end":{"line":78,"column":52}},"type":"binary-expr","locations":[{"start":{"line":78,"column":27},"end":{"line":78,"column":46}},{"start":{"line":78,"column":50},"end":{"line":78,"column":52}}],"line":78},"30":{"loc":{"start":{"line":81,"column":4},"end":{"line":83,"column":5}},"type":"if","locations":[{"start":{"line":81,"column":4},"end":{"line":83,"column":5}},{"start":{},"end":{}}],"line":81},"31":{"loc":{"start":{"line":81,"column":9},"end":{"line":81,"column":40}},"type":"binary-expr","locations":[{"start":{"line":81,"column":9},"end":{"line":81,"column":35}},{"start":{"line":81,"column":39},"end":{"line":81,"column":40}}],"line":81},"32":{"loc":{"start":{"line":82,"column":30},"end":{"line":82,"column":53}},"type":"binary-expr","locations":[{"start":{"line":82,"column":30},"end":{"line":82,"column":48}},{"start":{"line":82,"column":52},"end":{"line":82,"column":53}}],"line":82},"33":{"loc":{"start":{"line":97,"column":4},"end":{"line":97,"column":25}},"type":"if","locations":[{"start":{"line":97,"column":4},"end":{"line":97,"column":25}},{"start":{},"end":{}}],"line":97},"34":{"loc":{"start":{"line":99,"column":15},"end":{"line":99,"column":70}},"type":"cond-expr","locations":[{"start":{"line":99,"column":47},"end":{"line":99,"column":62}},{"start":{"line":99,"column":65},"end":{"line":99,"column":70}}],"line":99}},"s":{"0":2,"1":2,"2":52,"3":52,"4":52,"5":38,"6":52,"7":1,"8":52,"9":1,"10":52,"11":37,"12":52,"13":1,"14":52,"15":1,"16":52,"17":52,"18":52,"19":36,"20":52,"21":1,"22":52,"23":52,"24":52,"25":52,"26":52,"27":1,"28":52,"29":1,"30":52,"31":52,"32":3,"33":52,"34":52,"35":2,"36":7,"37":3,"38":4,"39":4,"40":2},"f":{"0":52,"1":7,"2":4},"b":{"0":[52,6],"1":[38,14],"2":[52,13],"3":[1,51],"4":[52,15],"5":[1,51],"6":[52,15],"7":[37,15],"8":[52,15],"9":[1,51],"10":[52,51],"11":[1,51],"12":[52,51],"13":[52,15],"14":[52,15],"15":[36,16],"16":[52,16],"17":[1,51],"18":[52,51],"19":[52,15],"20":[52,15],"21":[52,13],"22":[52,15],"23":[1,51],"24":[52,11],"25":[1,0],"26":[1,51],"27":[52,15],"28":[1,0],"29":[52,15],"30":[3,49],"31":[52,15],"32":[3,0],"33":[3,4],"34":[3,1]},"_coverageSchema":"1a1c01bbd47fc00a2c39e90264f33305004495a9","hash":"ff935f4620bf0aa1740b153b0ec8a6c4e947a617"}
,"/Users/torinturner/Documents/GitHub/RiskDash/src/encoding.js": {"path":"/Users/torinturner/Documents/GitHub/RiskDash/src/encoding.js","statementMap":{"0":{"start":{"line":13,"column":26},"end":{"line":34,"column":1}},"1":{"start":{"line":14,"column":17},"end":{"line":14,"column":37}},"2":{"start":{"line":18,"column":4},"end":{"line":24,"column":5}},"3":{"start":{"line":20,"column":8},"end":{"line":20,"column":55}},"4":{"start":{"line":23,"column":8},"end":{"line":23,"column":60}},"5":{"start":{"line":27,"column":12},"end":{"line":27,"column":13}},"6":{"start":{"line":28,"column":4},"end":{"line":31,"column":5}},"7":{"start":{"line":28,"column":17},"end":{"line":28,"column":18}},"8":{"start":{"line":29,"column":8},"end":{"line":29,"column":48}},"9":{"start":{"line":30,"column":8},"end":{"line":30,"column":15}},"10":{"start":{"line":33,"column":4},"end":{"line":33,"column":48}},"11":{"start":{"line":42,"column":28},"end":{"line":65,"column":1}},"12":{"start":{"line":43,"column":24},"end":{"line":43,"column":38}},"13":{"start":{"line":47,"column":4},"end":{"line":53,"column":5}},"14":{"start":{"line":49,"column":8},"end":{"line":49,"column":53}},"15":{"start":{"line":52,"column":8},"end":{"line":52,"column":60}},"16":{"start":{"line":55,"column":17},"end":{"line":55,"column":33}},"17":{"start":{"line":58,"column":12},"end":{"line":58,"column":13}},"18":{"start":{"line":59,"column":4},"end":{"line":62,"column":5}},"19":{"start":{"line":59,"column":17},"end":{"line":59,"column":18}},"20":{"start":{"line":60,"column":8},"end":{"line":60,"column":48}},"21":{"start":{"line":61,"column":8},"end":{"line":61,"column":15}},"22":{"start":{"line":64,"column":4},"end":{"line":64,"column":62}},"23":{"start":{"line":72,"column":22},"end":{"line":79,"column":1}},"24":{"start":{"line":73,"column":12},"end":{"line":73,"column":13}},"25":{"start":{"line":74,"column":4},"end":{"line":77,"column":5}},"26":{"start":{"line":74,"column":17},"end":{"line":74,"column":18}},"27":{"start":{"line":75,"column":8},"end":{"line":75,"column":47}},"28":{"start":{"line":76,"column":8},"end":{"line":76,"column":15}},"29":{"start":{"line":78,"column":4},"end":{"line":78,"column":36}},"30":{"start":{"line":81,"column":0},"end":{"line":85,"column":2}}},"fnMap":{"0":{"name":"(anonymous_0)","decl":{"start":{"line":13,"column":26},"end":{"line":13,"column":27}},"loc":{"start":{"line":13,"column":36},"end":{"line":34,"column":1}},"line":13},"1":{"name":"(anonymous_1)","decl":{"start":{"line":42,"column":28},"end":{"line":42,"column":29}},"loc":{"start":{"line":42,"column":37},"end":{"line":65,"column":1}},"line":42},"2":{"name":"(anonymous_2)","decl":{"start":{"line":72,"column":22},"end":{"line":72,"column":23}},"loc":{"start":{"line":72,"column":31},"end":{"line":79,"column":1}},"line":72}},"branchMap":{"0":{"loc":{"start":{"line":18,"column":4},"end":{"line":24,"column":5}},"type":"if","locations":[{"start":{"line":18,"column":4},"end":{"line":24,"column":5}},{"start":{"line":21,"column":11},"end":{"line":24,"column":5}}],"line":18},"1":{"loc":{"start":{"line":47,"column":4},"end":{"line":53,"column":5}},"type":"if","locations":[{"start":{"line":47,"column":4},"end":{"line":53,"column":5}},{"start":{"line":50,"column":11},"end":{"line":53,"column":5}}],"line":47}},"s":{"0":2,"1":44,"2":44,"3":44,"4":0,"5":44,"6":44,"7":44,"8":108446,"9":108446,"10":43,"11":2,"12":26,"13":26,"14":26,"15":0,"16":24,"17":23,"18":23,"19":23,"20":97751,"21":97751,"22":23,"23":2,"24":10,"25":10,"26":10,"27":100058,"28":100058,"29":10,"30":2},"f":{"0":44,"1":26,"2":10},"b":{"0":[44,0],"1":[26,0]},"_coverageSchema":"1a1c01bbd47fc00a2c39e90264f33305004495a9","hash":"14c313a13cb9e6580156d7dfe4655d5027e6d2aa"}
,"/Users/torinturner/Documents/GitHub/RiskDash/src/index.js": {"path":"/Users/torinturner/Documents/GitHub/RiskDash/src/index.js","statementMap":{"0":{"start":{"line":6,"column":14},"end":{"line":6,"column":32}},"1":{"start":{"line":7,"column":19},"end":{"line":7,"column":42}},"2":{"start":{"line":8,"column":23},"end":{"line":8,"column":50}},"3":{"start":{"line":9,"column":28},"end":{"line":9,"column":60}},"4":{"start":{"line":10,"column":22},"end":{"line":10,"column":48}},"5":{"start":{"line":11,"column":17},"end":{"line":11,"column":38}},"6":{"start":{"line":12,"column":19},"end":{"line":12,"column":42}},"7":{"start":{"line":13,"column":20},"end":{"line":13,"column":44}},"8":{"start":{"line":15,"column":0},"end":{"line":39,"column":2}}},"fnMap":{},"branchMap":{},"s":{"0":0,"1":0,"2":0,"3":0,"4":0,"5":0,"6":0,"7":0,"8":0},"f":{},"b":{}}
,"/Users/torinturner/Documents/GitHub/RiskDash/src/riskCalculator.js": {"path":"/Users/torinturner/Documents/GitHub/RiskDash/src/riskCalculator.js","statementMap":{"0":{"start":{"line":6,"column":30},"end":{"line":6,"column":53}},"1":{"start":{"line":13,"column":16},"end":{"line":19,"column":1}},"2":{"start":{"line":14,"column":4},"end":{"line":14,"column":24}},"3":{"start":{"line":14,"column":12},"end":{"line":14,"column":24}},"4":{"start":{"line":15,"column":17},"end":{"line":15,"column":28}},"5":{"start":{"line":16,"column":4},"end":{"line":16,"column":43}},"6":{"start":{"line":16,"column":31},"end":{"line":16,"column":43}},"7":{"start":{"line":17,"column":16},"end":{"line":17,"column":58}},"8":{"start":{"line":18,"column":4},"end":{"line":18,"column":52}},"9":{"start":{"line":36,"column":22},"end":{"line":300,"column":1}},"10":{"start":{"line":38,"column":14},"end":{"line":38,"column":45}},"11":{"start":{"line":40,"column":20},"end":{"line":40,"column":22}},"12":{"start":{"line":41,"column":16},"end":{"line":41,"column":21}},"13":{"start":{"line":42,"column":27},"end":{"line":42,"column":32}},"14":{"start":{"line":43,"column":19},"end":{"line":43,"column":39}},"15":{"start":{"line":45,"column":17},"end":{"line":45,"column":63}},"16":{"start":{"line":46,"column":17},"end":{"line":46,"column":47}},"17":{"start":{"line":50,"column":28},"end":{"line":50,"column":139}},"18":{"start":{"line":51,"column":28},"end":{"line":51,"column":121}},"19":{"start":{"line":52,"column":27},"end":{"line":52,"column":61}},"20":{"start":{"line":56,"column":4},"end":{"line":59,"column":5}},"21":{"start":{"line":57,"column":8},"end":{"line":57,"column":23}},"22":{"start":{"line":58,"column":8},"end":{"line":58,"column":63}},"23":{"start":{"line":60,"column":4},"end":{"line":63,"column":5}},"24":{"start":{"line":61,"column":8},"end":{"line":61,"column":23}},"25":{"start":{"line":62,"column":8},"end":{"line":62,"column":63}},"26":{"start":{"line":66,"column":4},"end":{"line":70,"column":5}},"27":{"start":{"line":67,"column":8},"end":{"line":67,"column":23}},"28":{"start":{"line":68,"column":8},"end":{"line":68,"column":37}},"29":{"start":{"line":69,"column":8},"end":{"line":69,"column":32}},"30":{"start":{"line":73,"column":43},"end":{"line":73,"column":74}},"31":{"start":{"line":74,"column":4},"end":{"line":83,"column":5}},"32":{"start":{"line":75,"column":8},"end":{"line":78,"column":9}},"33":{"start":{"line":76,"column":12},"end":{"line":76,"column":27}},"34":{"start":{"line":77,"column":12},"end":{"line":77,"column":84}},"35":{"start":{"line":79,"column":8},"end":{"line":82,"column":9}},"36":{"start":{"line":80,"column":12},"end":{"line":80,"column":27}},"37":{"start":{"line":81,"column":12},"end":{"line":81,"column":84}},"38":{"start":{"line":86,"column":33},"end":{"line":86,"column":56}},"39":{"start":{"line":87,"column":4},"end":{"line":90,"column":5}},"40":{"start":{"line":88,"column":8},"end":{"line":88,"column":23}},"41":{"start":{"line":89,"column":8},"end":{"line":89,"column":67}},"42":{"start":{"line":91,"column":4},"end":{"line":94,"column":5}},"43":{"start":{"line":92,"column":8},"end":{"line":92,"column":23}},"44":{"start":{"line":93,"column":8},"end":{"line":93,"column":67}},"45":{"start":{"line":97,"column":37},"end":{"line":97,"column":68}},"46":{"start":{"line":98,"column":4},"end":{"line":101,"column":5}},"47":{"start":{"line":99,"column":8},"end":{"line":99,"column":23}},"48":{"start":{"line":100,"column":8},"end":{"line":100,"column":44}},"49":{"start":{"line":102,"column":4},"end":{"line":105,"column":5}},"50":{"start":{"line":103,"column":8},"end":{"line":103,"column":23}},"51":{"start":{"line":104,"column":8},"end":{"line":104,"column":44}},"52":{"start":{"line":108,"column":39},"end":{"line":108,"column":65}},"53":{"start":{"line":109,"column":4},"end":{"line":118,"column":5}},"54":{"start":{"line":110,"column":8},"end":{"line":113,"column":9}},"55":{"start":{"line":111,"column":12},"end":{"line":111,"column":27}},"56":{"start":{"line":112,"column":12},"end":{"line":112,"column":84}},"57":{"start":{"line":114,"column":8},"end":{"line":117,"column":9}},"58":{"start":{"line":115,"column":12},"end":{"line":115,"column":27}},"59":{"start":{"line":116,"column":12},"end":{"line":116,"column":84}},"60":{"start":{"line":121,"column":35},"end":{"line":121,"column":68}},"61":{"start":{"line":122,"column":4},"end":{"line":131,"column":5}},"62":{"start":{"line":123,"column":8},"end":{"line":126,"column":9}},"63":{"start":{"line":124,"column":12},"end":{"line":124,"column":27}},"64":{"start":{"line":125,"column":12},"end":{"line":125,"column":87}},"65":{"start":{"line":127,"column":8},"end":{"line":130,"column":9}},"66":{"start":{"line":128,"column":12},"end":{"line":128,"column":27}},"67":{"start":{"line":129,"column":12},"end":{"line":129,"column":87}},"68":{"start":{"line":134,"column":29},"end":{"line":134,"column":54}},"69":{"start":{"line":135,"column":4},"end":{"line":138,"column":5}},"70":{"start":{"line":136,"column":8},"end":{"line":136,"column":23}},"71":{"start":{"line":137,"column":8},"end":{"line":137,"column":49}},"72":{"start":{"line":141,"column":4},"end":{"line":217,"column":5}},"73":{"start":{"line":143,"column":32},"end":{"line":143,"column":33}},"74":{"start":{"line":144,"column":27},"end":{"line":144,"column":29}},"75":{"start":{"line":147,"column":29},"end":{"line":147,"column":48}},"76":{"start":{"line":148,"column":8},"end":{"line":151,"column":9}},"77":{"start":{"line":149,"column":12},"end":{"line":149,"column":32}},"78":{"start":{"line":150,"column":12},"end":{"line":150,"column":74}},"79":{"start":{"line":152,"column":8},"end":{"line":155,"column":9}},"80":{"start":{"line":153,"column":12},"end":{"line":153,"column":32}},"81":{"start":{"line":154,"column":12},"end":{"line":154,"column":74}},"82":{"start":{"line":158,"column":36},"end":{"line":158,"column":62}},"83":{"start":{"line":159,"column":8},"end":{"line":162,"column":9}},"84":{"start":{"line":160,"column":12},"end":{"line":160,"column":32}},"85":{"start":{"line":161,"column":12},"end":{"line":161,"column":87}},"86":{"start":{"line":163,"column":8},"end":{"line":166,"column":9}},"87":{"start":{"line":164,"column":12},"end":{"line":164,"column":32}},"88":{"start":{"line":165,"column":12},"end":{"line":165,"column":87}},"89":{"start":{"line":169,"column":36},"end":{"line":169,"column":69}},"90":{"start":{"line":170,"column":8},"end":{"line":179,"column":9}},"91":{"start":{"line":171,"column":12},"end":{"line":174,"column":13}},"92":{"start":{"line":172,"column":16},"end":{"line":172,"column":36}},"93":{"start":{"line":173,"column":16},"end":{"line":173,"column":91}},"94":{"start":{"line":175,"column":12},"end":{"line":178,"column":13}},"95":{"start":{"line":176,"column":16},"end":{"line":176,"column":36}},"96":{"start":{"line":177,"column":16},"end":{"line":177,"column":91}},"97":{"start":{"line":182,"column":35},"end":{"line":182,"column":67}},"98":{"start":{"line":183,"column":8},"end":{"line":192,"column":9}},"99":{"start":{"line":184,"column":12},"end":{"line":187,"column":13}},"100":{"start":{"line":185,"column":16},"end":{"line":185,"column":36}},"101":{"start":{"line":186,"column":16},"end":{"line":186,"column":94}},"102":{"start":{"line":188,"column":12},"end":{"line":191,"column":13}},"103":{"start":{"line":189,"column":16},"end":{"line":189,"column":36}},"104":{"start":{"line":190,"column":16},"end":{"line":190,"column":94}},"105":{"start":{"line":195,"column":30},"end":{"line":195,"column":55}},"106":{"start":{"line":196,"column":8},"end":{"line":199,"column":9}},"107":{"start":{"line":197,"column":12},"end":{"line":197,"column":32}},"108":{"start":{"line":198,"column":12},"end":{"line":198,"column":51}},"109":{"start":{"line":200,"column":8},"end":{"line":203,"column":9}},"110":{"start":{"line":201,"column":12},"end":{"line":201,"column":32}},"111":{"start":{"line":202,"column":12},"end":{"line":202,"column":51}},"112":{"start":{"line":206,"column":29},"end":{"line":206,"column":53}},"113":{"start":{"line":207,"column":8},"end":{"line":210,"column":9}},"114":{"start":{"line":208,"column":12},"end":{"line":208,"column":32}},"115":{"start":{"line":209,"column":12},"end":{"line":209,"column":56}},"116":{"start":{"line":213,"column":8},"end":{"line":216,"column":9}},"117":{"start":{"line":214,"column":12},"end":{"line":214,"column":26}},"118":{"start":{"line":215,"column":12},"end":{"line":215,"column":40}},"119":{"start":{"line":220,"column":4},"end":{"line":280,"column":5}},"120":{"start":{"line":221,"column":32},"end":{"line":221,"column":48}},"121":{"start":{"line":222,"column":36},"end":{"line":222,"column":66}},"122":{"start":{"line":223,"column":39},"end":{"line":223,"column":73}},"123":{"start":{"line":224,"column":38},"end":{"line":224,"column":71}},"124":{"start":{"line":225,"column":33},"end":{"line":225,"column":58}},"125":{"start":{"line":226,"column":32},"end":{"line":226,"column":55}},"126":{"start":{"line":229,"column":35},"end":{"line":229,"column":39}},"127":{"start":{"line":230,"column":34},"end":{"line":230,"column":83}},"128":{"start":{"line":231,"column":33},"end":{"line":231,"column":81}},"129":{"start":{"line":232,"column":27},"end":{"line":232,"column":66}},"130":{"start":{"line":234,"column":31},"end":{"line":234,"column":35}},"131":{"start":{"line":237,"column":8},"end":{"line":237,"column":118}},"132":{"start":{"line":237,"column":93},"end":{"line":237,"column":118}},"133":{"start":{"line":238,"column":8},"end":{"line":238,"column":107}},"134":{"start":{"line":238,"column":82},"end":{"line":238,"column":107}},"135":{"start":{"line":241,"column":8},"end":{"line":244,"column":9}},"136":{"start":{"line":242,"column":12},"end":{"line":242,"column":147}},"137":{"start":{"line":242,"column":122},"end":{"line":242,"column":147}},"138":{"start":{"line":243,"column":12},"end":{"line":243,"column":136}},"139":{"start":{"line":243,"column":111},"end":{"line":243,"column":136}},"140":{"start":{"line":247,"column":8},"end":{"line":250,"column":9}},"141":{"start":{"line":248,"column":12},"end":{"line":248,"column":136}},"142":{"start":{"line":248,"column":111},"end":{"line":248,"column":136}},"143":{"start":{"line":249,"column":12},"end":{"line":249,"column":125}},"144":{"start":{"line":249,"column":100},"end":{"line":249,"column":125}},"145":{"start":{"line":253,"column":8},"end":{"line":256,"column":9}},"146":{"start":{"line":254,"column":12},"end":{"line":254,"column":143}},"147":{"start":{"line":254,"column":118},"end":{"line":254,"column":143}},"148":{"start":{"line":255,"column":12},"end":{"line":255,"column":132}},"149":{"start":{"line":255,"column":107},"end":{"line":255,"column":132}},"150":{"start":{"line":259,"column":8},"end":{"line":259,"column":90}},"151":{"start":{"line":259,"column":65},"end":{"line":259,"column":90}},"152":{"start":{"line":260,"column":8},"end":{"line":260,"column":79}},"153":{"start":{"line":260,"column":54},"end":{"line":260,"column":79}},"154":{"start":{"line":263,"column":8},"end":{"line":263,"column":93}},"155":{"start":{"line":263,"column":68},"end":{"line":263,"column":93}},"156":{"start":{"line":265,"column":8},"end":{"line":279,"column":9}},"157":{"start":{"line":267,"column":12},"end":{"line":267,"column":26}},"158":{"start":{"line":268,"column":12},"end":{"line":268,"column":156}},"159":{"start":{"line":268,"column":97},"end":{"line":268,"column":156}},"160":{"start":{"line":269,"column":12},"end":{"line":269,"column":145}},"161":{"start":{"line":269,"column":86},"end":{"line":269,"column":145}},"162":{"start":{"line":270,"column":12},"end":{"line":270,"column":216}},"163":{"start":{"line":270,"column":144},"end":{"line":270,"column":216}},"164":{"start":{"line":271,"column":12},"end":{"line":271,"column":205}},"165":{"start":{"line":271,"column":133},"end":{"line":271,"column":205}},"166":{"start":{"line":272,"column":12},"end":{"line":272,"column":203}},"167":{"start":{"line":272,"column":132},"end":{"line":272,"column":203}},"168":{"start":{"line":273,"column":12},"end":{"line":273,"column":192}},"169":{"start":{"line":273,"column":121},"end":{"line":273,"column":192}},"170":{"start":{"line":274,"column":12},"end":{"line":274,"column":212}},"171":{"start":{"line":274,"column":138},"end":{"line":274,"column":212}},"172":{"start":{"line":275,"column":12},"end":{"line":275,"column":201}},"173":{"start":{"line":275,"column":127},"end":{"line":275,"column":201}},"174":{"start":{"line":276,"column":12},"end":{"line":276,"column":105}},"175":{"start":{"line":276,"column":69},"end":{"line":276,"column":105}},"176":{"start":{"line":277,"column":12},"end":{"line":277,"column":94}},"177":{"start":{"line":277,"column":58},"end":{"line":277,"column":94}},"178":{"start":{"line":278,"column":12},"end":{"line":278,"column":113}},"179":{"start":{"line":278,"column":72},"end":{"line":278,"column":113}},"180":{"start":{"line":283,"column":4},"end":{"line":297,"column":5}},"181":{"start":{"line":284,"column":27},"end":{"line":284,"column":32}},"182":{"start":{"line":285,"column":8},"end":{"line":291,"column":9}},"183":{"start":{"line":287,"column":12},"end":{"line":287,"column":78}},"184":{"start":{"line":290,"column":12},"end":{"line":290,"column":78}},"185":{"start":{"line":293,"column":8},"end":{"line":296,"column":9}},"186":{"start":{"line":293,"column":67},"end":{"line":293,"column":90}},"187":{"start":{"line":294,"column":12},"end":{"line":294,"column":26}},"188":{"start":{"line":295,"column":12},"end":{"line":295,"column":40}},"189":{"start":{"line":299,"column":4},"end":{"line":299,"column":30}},"190":{"start":{"line":308,"column":26},"end":{"line":315,"column":1}},"191":{"start":{"line":309,"column":4},"end":{"line":313,"column":5}},"192":{"start":{"line":310,"column":35},"end":{"line":310,"column":63}},"193":{"start":{"line":311,"column":8},"end":{"line":311,"column":28}},"194":{"start":{"line":312,"column":8},"end":{"line":312,"column":32}},"195":{"start":{"line":314,"column":4},"end":{"line":314,"column":17}},"196":{"start":{"line":317,"column":0},"end":{"line":321,"column":2}}},"fnMap":{"0":{"name":"(anonymous_0)","decl":{"start":{"line":13,"column":16},"end":{"line":13,"column":17}},"loc":{"start":{"line":13,"column":23},"end":{"line":19,"column":1}},"line":13},"1":{"name":"(anonymous_1)","decl":{"start":{"line":36,"column":22},"end":{"line":36,"column":23}},"loc":{"start":{"line":36,"column":64},"end":{"line":300,"column":1}},"line":36},"2":{"name":"(anonymous_2)","decl":{"start":{"line":293,"column":62},"end":{"line":293,"column":63}},"loc":{"start":{"line":293,"column":67},"end":{"line":293,"column":90}},"line":293},"3":{"name":"(anonymous_3)","decl":{"start":{"line":308,"column":26},"end":{"line":308,"column":27}},"loc":{"start":{"line":308,"column":69},"end":{"line":315,"column":1}},"line":308}},"branchMap":{"0":{"loc":{"start":{"line":14,"column":4},"end":{"line":14,"column":24}},"type":"if","locations":[{"start":{"line":14,"column":4},"end":{"line":14,"column":24}},{"start":{},"end":{}}],"line":14},"1":{"loc":{"start":{"line":16,"column":4},"end":{"line":16,"column":43}},"type":"if","locations":[{"start":{"line":16,"column":4},"end":{"line":16,"column":43}},{"start":{},"end":{}}],"line":16},"2":{"loc":{"start":{"line":18,"column":11},"end":{"line":18,"column":51}},"type":"cond-expr","locations":[{"start":{"line":18,"column":41},"end":{"line":18,"column":44}},{"start":{"line":18,"column":47},"end":{"line":18,"column":51}}],"line":18},"3":{"loc":{"start":{"line":18,"column":12},"end":{"line":18,"column":37}},"type":"binary-expr","locations":[{"start":{"line":18,"column":12},"end":{"line":18,"column":25}},{"start":{"line":18,"column":29},"end":{"line":18,"column":37}}],"line":18},"4":{"loc":{"start":{"line":36,"column":29},"end":{"line":36,"column":59}},"type":"default-arg","locations":[{"start":{"line":36,"column":42},"end":{"line":36,"column":59}}],"line":36},"5":{"loc":{"start":{"line":38,"column":14},"end":{"line":38,"column":45}},"type":"binary-expr","locations":[{"start":{"line":38,"column":14},"end":{"line":38,"column":24}},{"start":{"line":38,"column":28},"end":{"line":38,"column":45}}],"line":38},"6":{"loc":{"start":{"line":45,"column":17},"end":{"line":45,"column":63}},"type":"cond-expr","locations":[{"start":{"line":45,"column":26},"end":{"line":45,"column":30}},{"start":{"line":45,"column":33},"end":{"line":45,"column":63}}],"line":45},"7":{"loc":{"start":{"line":50,"column":28},"end":{"line":50,"column":139}},"type":"cond-expr","locations":[{"start":{"line":50,"column":37},"end":{"line":50,"column":41}},{"start":{"line":50,"column":45},"end":{"line":50,"column":138}}],"line":50},"8":{"loc":{"start":{"line":50,"column":45},"end":{"line":50,"column":138}},"type":"binary-expr","locations":[{"start":{"line":50,"column":45},"end":{"line":50,"column":75}},{"start":{"line":50,"column":79},"end":{"line":50,"column":106}},{"start":{"line":50,"column":110},"end":{"line":50,"column":138}}],"line":50},"9":{"loc":{"start":{"line":51,"column":28},"end":{"line":51,"column":121}},"type":"binary-expr","locations":[{"start":{"line":51,"column":28},"end":{"line":51,"column":58}},{"start":{"line":51,"column":62},"end":{"line":51,"column":89}},{"start":{"line":51,"column":93},"end":{"line":51,"column":121}}],"line":51},"10":{"loc":{"start":{"line":52,"column":27},"end":{"line":52,"column":61}},"type":"binary-expr","locations":[{"start":{"
[...]
ns":[{"start":{"line":273,"column":16},"end":{"line":273,"column":33}},{"start":{"line":273,"column":37},"end":{"line":273,"column":68}},{"start":{"line":273,"column":72},"end":{"line":273,"column":119}}],"line":273},"130":{"loc":{"start":{"line":274,"column":12},"end":{"line":274,"column":212}},"type":"if","locations":[{"start":{"line":274,"column":12},"end":{"line":274,"column":212}},{"start":{},"end":{}}],"line":274},"131":{"loc":{"start":{"line":274,"column":16},"end":{"line":274,"column":136}},"type":"binary-expr","locations":[{"start":{"line":274,"column":16},"end":{"line":274,"column":32}},{"start":{"line":274,"column":36},"end":{"line":274,"column":43}},{"start":{"line":274,"column":47},"end":{"line":274,"column":82}},{"start":{"line":274,"column":86},"end":{"line":274,"column":136}}],"line":274},"132":{"loc":{"start":{"line":275,"column":12},"end":{"line":275,"column":201}},"type":"if","locations":[{"start":{"line":275,"column":12},"end":{"line":275,"column":201}},{"start":{},"end":{}}],"line":275},"133":{"loc":{"start":{"line":275,"column":16},"end":{"line":275,"column":125}},"type":"binary-expr","locations":[{"start":{"line":275,"column":16},"end":{"line":275,"column":32}},{"start":{"line":275,"column":36},"end":{"line":275,"column":71}},{"start":{"line":275,"column":75},"end":{"line":275,"column":125}}],"line":275},"134":{"loc":{"start":{"line":276,"column":12},"end":{"line":276,"column":105}},"type":"if","locations":[{"start":{"line":276,"column":12},"end":{"line":276,"column":105}},{"start":{},"end":{}}],"line":276},"135":{"loc":{"start":{"line":276,"column":16},"end":{"line":276,"column":67}},"type":"binary-expr","locations":[{"start":{"line":276,"column":16},"end":{"line":276,"column":23}},{"start":{"line":276,"column":27},"end":{"line":276,"column":40}},{"start":{"line":276,"column":44},"end":{"line":276,"column":67}}],"line":276},"136":{"loc":{"start":{"line":277,"column":12},"end":{"line":277,"column":94}},"type":"if","locations":[{"start":{"line":277,"column":12},"end":{"line":277,"column":94}},{"start":{},"end":{}}],"line":277},"137":{"loc":{"start":{"line":277,"column":16},"end":{"line":277,"column":56}},"type":"binary-expr","locations":[{"start":{"line":277,"column":16},"end":{"line":277,"column":29}},{"start":{"line":277,"column":33},"end":{"line":277,"column":56}}],"line":277},"138":{"loc":{"start":{"line":278,"column":12},"end":{"line":278,"column":113}},"type":"if","locations":[{"start":{"line":278,"column":12},"end":{"line":278,"column":113}},{"start":{},"end":{}}],"line":278},"139":{"loc":{"start":{"line":278,"column":16},"end":{"line":278,"column":70}},"type":"binary-expr","locations":[{"start":{"line":278,"column":16},"end":{"line":278,"column":26}},{"start":{"line":278,"column":30},"end":{"line":278,"column":70}}],"line":278},"140":{"loc":{"start":{"line":278,"column":31},"end":{"line":278,"column":51}},"type":"binary-expr","locations":[{"start":{"line":278,"column":31},"end":{"line":278,"column":46}},{"start":{"line":278,"column":50},"end":{"line":278,"column":51}}],"line":278},"141":{"loc":{"start":{"line":283,"column":4},"end":{"line":297,"column":5}},"type":"if","locations":[{"start":{"line":283,"column":4},"end":{"line":297,"column":5}},{"start":{},"end":{}}],"line":283},"142":{"loc":{"start":{"line":285,"column":8},"end":{"line":291,"column":9}},"type":"if","locations":[{"start":{"line":285,"column":8},"end":{"line":291,"column":9}},{"start":{"line":288,"column":15},"end":{"line":291,"column":9}}],"line":285},"143":{"loc":{"start":{"line":287,"column":27},"end":{"line":287,"column":77}},"type":"binary-expr","locations":[{"start":{"line":287,"column":27},"end":{"line":287,"column":50}},{"start":{"line":287,"column":54},"end":{"line":287,"column":77}}],"line":287},"144":{"loc":{"start":{"line":290,"column":27},"end":{"line":290,"column":77}},"type":"binary-expr","locations":[{"start":{"line":290,"column":27},"end":{"line":290,"column":50}},{"start":{"line":290,"column":54},"end":{"line":290,"column":77}}],"line":290},"145":{"loc":{"start":{"line":293,"column":8},"end":{"line":296,"column":9}},"type":"if","locations":[{"start":{"line":293,"column":8},"end":{"line":296,"column":9}},{"start":{},"end":{}}],"line":293},"146":{"loc":{"start":{"line":293,"column":12},"end":{"line":293,"column":91}},"type":"binary-expr","locations":[{"start":{"line":293,"column":12},"end":{"line":293,"column":24}},{"start":{"line":293,"column":28},"end":{"line":293,"column":44}},{"start":{"line":293,"column":48},"end":{"line":293,"column":91}}],"line":293},"147":{"loc":{"start":{"line":308,"column":34},"end":{"line":308,"column":64}},"type":"default-arg","locations":[{"start":{"line":308,"column":47},"end":{"line":308,"column":64}}],"line":308}},"s":{"0":2,"1":2,"2":2180,"3":38,"4":2142,"5":2142,"6":1,"7":2141,"8":2141,"9":2,"10":1092,"11":1092,"12":1092,"13":1092,"14":1092,"15":1092,"16":1092,"17":1092,"18":1092,"19":1092,"20":1092,"21":13,"22":13,"23":1092,"24":4,"25":4,"26":1092,"27":10,"28":10,"29":10,"30":1092,"31":1092,"32":1092,"33":0,"34":0,"35":1092,"36":0,"37":0,"38":1092,"39":1092,"40":1,"41":1,"42":1092,"43":1,"44":1,"45":1092,"46":1092,"47":1,"48":1,"49":1092,"50":1,"51":1,"52":1092,"53":1092,"54":1087,"55":1,"56":1,"57":1087,"58":1,"59":1,"60":1092,"61":1092,"62":0,"63":0,"64":0,"65":0,"66":0,"67":0,"68":1092,"69":1092,"70":1,"71":1,"72":1092,"73":1064,"74":1064,"75":1064,"76":1064,"77":310,"78":310,"79":1064,"80":2,"81":2,"82":1064,"83":1064,"84":767,"85":767,"86":1064,"87":1,"88":1,"89":1064,"90":1064,"91":1058,"92":1,"93":1,"94":1058,"95":1,"96":1,"97":1064,"98":1064,"99":0,"100":0,"101":0,"102":0,"103":0,"104":0,"105":1064,"106":1064,"107":3,"108":3,"109":1064,"110":3,"111":3,"112":1064,"113":1064,"114":2,"115":2,"116":1064,"117":248,"118":248,"119":1092,"120":816,"121":816,"122":816,"123":816,"124":816,"125":816,"126":816,"127":816,"128":816,"129":816,"130":816,"131":816,"132":262,"133":816,"134":2,"135":816,"136":816,"137":525,"138":816,"139":0,"140":816,"141":1,"142":1,"143":1,"144":0,"145":816,"146":0,"147":0,"148":0,"149":0,"150":816,"151":0,"152":816,"153":0,"154":816,"155":2,"156":816,"157":641,"158":641,"159":262,"160":641,"161":2,"162":641,"163":525,"164":641,"165":0,"166":641,"167":1,"168":641,"169":0,"170":641,"171":0,"172":641,"173":0,"174":641,"175":0,"176":641,"177":0,"178":641,"179":2,"180":1092,"181":28,"182":28,"183":4,"184":24,"185":28,"186":3,"187":2,"188":2,"189":1092,"190":2,"191":8,"192":1021,"193":1021,"194":1021,"195":8,"196":2},"f":{"0":2180,"1":1092,"2":3,"3":8},"b":{"0":[38,2142],"1":[1,2141],"2":[2141,0],"3":[2141,2141],"4":[1],"5":[1092,1],"6":[8,1084],"7":[8,1084],"8":[1084,9,8],"9":[1092,12,11],"10":[1092,8],"11":[13,1079],"12":[1092,1084],"13":[1084,1070],"14":[4,1088],"15":[1092,1088],"16":[10,1082],"17":[1092,1085,8],"18":[1092,1092],"19":[1092,0],"20":[0,1092],"21":[1092,1084,1083],"22":[0,1092],"23":[1092,1091],"24":[1092,4],"25":[1,1091],"26":[1092,1084,1076],"27":[1,1091],"28":[1092,1081],"29":[1092,4],"30":[1,1091],"31":[1092,1084,1067],"32":[1,1091],"33":[1092,1072],"34":[1092,5],"35":[1087,5],"36":[1,1086],"37":[1087,1079,1078],"38":[1,1086],"39":[1087,1086],"40":[1092,1092],"41":[0,1092],"42":[0,0],"43":[0,0,0],"44":[0,0],"45":[0,0],"46":[1092,3],"47":[1,1091],"48":[1092,16],"49":[1064,28],"50":[1064,4],"51":[310,754],"52":[1064,1060,1059],"53":[2,1062],"54":[1064,1063],"55":[1064,4],"56":[767,297],"57":[1064,1060,1060],"58":[1,1063],"59":[1064,1064],"60":[1064,6],"61":[1058,6],"62":[1,1057],"63":[1058,1054,1054],"64":[1,1057],"65":[1058,1058],"66":[1064,1064],"67":[0,1064],"68":[0,0],"69":[0,0,0],"70":[0,0],"71":[0,0],"72":[1064,4],"73":[3,1061],"74":[1064,1060,1051],"75":[3,1061],"76":[1064,1055],"77":[1064,4],"78":[2,1062],"79":[1064,8],"80":[248,816],"81":[816,276],"82":[816,3],"83":[816,4],"84":[816,4],"85":[816,4],"86":[816,4],"87":[816,4],"88":[816,4],"89":[816,4],"90":[816,4],"91":[262,554],"92":[816,812,811],"93":[2,814],"94":[816,815],"95":[816,0],"96":[525,291],"97":[816,812,812],"98":[0,816],"99":[816,816],"100":[1,815],"101":[1,0],"102":[1,1,1],"103":[0,1],"104":[1,1],"105":[0,816],"106":[0,0],"107":[0,0,0],"108":[0,0],"109":[0,0],"110":[0,816],"111":[816,812,803],"112":[0,816],"113":[816,807],"114":[2,814],"115":[816,2],"116":[2,0],"117":[641,175],"118":[262,379],"119":[641,641,641],"120":[2,639],"121":[641,641],"122":[525,116],"123":[641,641,641,641],"124":[0,641],"125":[641,641,641],"126":[1,640],"127":[641,1,1,1],"128":[0,641],"129":[641,1,1],"130":[0,641],"131":[641,0,0,0],"132":[0,641],"133":[641,0,0],"134":[0,641],"135":[641,641,641],"136":[0,641],"137":[641,641],"138":[2,639],"139":[641,2],"140":[2,0],"141":[28,1064],"142":[4,24],"143":[4,2],"144":[24,22],"145":[2,26],"146":[28,3,3],"147":[0]},"_coverageSchema":"1a1c01bbd47fc00a2c39e90264f33305004495a9","hash":"1ba3c9b2741a09822076ba429086e1c9becee126"}
,"/Users/torinturner/Documents/GitHub/RiskDash/src/thresholds.js": {"path":"/Users/torinturner/Documents/GitHub/RiskDash/src/thresholds.js","statementMap":{"0":{"start":{"line":8,"column":26},"end":{"line":51,"column":1}},"1":{"start":{"line":53,"column":0},"end":{"line":55,"column":2}}},"fnMap":{},"branchMap":{},"s":{"0":4,"1":4},"f":{},"b":{},"_coverageSchema":"1a1c01bbd47fc00a2c39e90264f33305004495a9","hash":"59dda5b25e407e90288e84dcad0044c11811bb34"}
,"/Users/torinturner/Documents/GitHub/RiskDash/src/utils.js": {"path":"/Users/torinturner/Documents/GitHub/RiskDash/src/utils.js","statementMap":{"0":{"start":{"line":11,"column":26},"end":{"line":19,"column":1}},"1":{"start":{"line":12,"column":4},"end":{"line":12,"column":70}},"2":{"start":{"line":12,"column":60},"end":{"line":12,"column":70}},"3":{"start":{"line":14,"column":20},"end":{"line":14,"column":32}},"4":{"start":{"line":15,"column":4},"end":{"line":15,"column":47}},"5":{"start":{"line":15,"column":37},"end":{"line":15,"column":47}},"6":{"start":{"line":16,"column":18},"end":{"line":16,"column":46}},"7":{"start":{"line":17,"column":18},"end":{"line":17,"column":67}},"8":{"start":{"line":18,"column":4},"end":{"line":18,"column":53}},"9":{"start":{"line":26,"column":20},"end":{"line":37,"column":1}},"10":{"start":{"line":27,"column":4},"end":{"line":27,"column":69}},"11":{"start":{"line":27,"column":57},"end":{"line":27,"column":69}},"12":{"start":{"line":28,"column":4},"end":{"line":31,"column":5}},"13":{"start":{"line":30,"column":8},"end":{"line":30,"column":46}},"14":{"start":{"line":32,"column":19},"end":{"line":32,"column":51}},"15":{"start":{"line":34,"column":4},"end":{"line":34,"column":36}},"16":{"start":{"line":34,"column":27},"end":{"line":34,"column":36}},"17":{"start":{"line":35,"column":16},"end":{"line":35,"column":55}},"18":{"start":{"line":36,"column":4},"end":{"line":36,"column":35}},"19":{"start":{"line":44,"column":21},"end":{"line":51,"column":1}},"20":{"start":{"line":45,"column":4},"end":{"line":45,"column":69}},"21":{"start":{"line":45,"column":57},"end":{"line":45,"column":69}},"22":{"start":{"line":46,"column":19},"end":{"line":46,"column":51}},"23":{"start":{"line":48,"column":4},"end":{"line":48,"column":36}},"24":{"start":{"line":48,"column":27},"end":{"line":48,"column":36}},"25":{"start":{"line":49,"column":16},"end":{"line":49,"column":51}},"26":{"start":{"line":50,"column":4},"end":{"line":50,"column":35}},"27":{"start":{"line":58,"column":16},"end":{"line":64,"column":1}},"28":{"start":{"line":59,"column":4},"end":{"line":59,"column":24}},"29":{"start":{"line":59,"column":12},"end":{"line":59,"column":24}},"30":{"start":{"line":60,"column":17},"end":{"line":60,"column":28}},"31":{"start":{"line":61,"column":4},"end":{"line":61,"column":43}},"32":{"start":{"line":61,"column":31},"end":{"line":61,"column":43}},"33":{"start":{"line":62,"column":16},"end":{"line":62,"column":58}},"34":{"start":{"line":63,"column":4},"end":{"line":63,"column":52}},"35":{"start":{"line":72,"column":12},"end":{"line":72,"column":93}},"36":{"start":{"line":72,"column":26},"end":{"line":72,"column":93}},"37":{"start":{"line":79,"column":15},"end":{"line":79,"column":73}},"38":{"start":{"line":79,"column":22},"end":{"line":79,"column":73}},"39":{"start":{"line":86,"column":16},"end":{"line":86,"column":89}},"40":{"start":{"line":86,"column":23},"end":{"line":86,"column":89}},"41":{"start":{"line":88,"column":0},"end":{"line":96,"column":2}}},"fnMap":{"0":{"name":"(anonymous_0)","decl":{"start":{"line":11,"column":26},"end":{"line":11,"column":27}},"loc":{"start":{"line":11,"column":36},"end":{"line":19,"column":1}},"line":11},"1":{"name":"(anonymous_1)","decl":{"start":{"line":26,"column":20},"end":{"line":26,"column":21}},"loc":{"start":{"line":26,"column":29},"end":{"line":37,"column":1}},"line":26},"2":{"name":"(anonymous_2)","decl":{"start":{"line":44,"column":21},"end":{"line":44,"column":22}},"loc":{"start":{"line":44,"column":30},"end":{"line":51,"column":1}},"line":44},"3":{"name":"(anonymous_3)","decl":{"start":{"line":58,"column":16},"end":{"line":58,"column":17}},"loc":{"start":{"line":58,"column":23},"end":{"line":64,"column":1}},"line":58},"4":{"name":"(anonymous_4)","decl":{"start":{"line":72,"column":12},"end":{"line":72,"column":13}},"loc":{"start":{"line":72,"column":26},"end":{"line":72,"column":93}},"line":72},"5":{"name":"(anonymous_5)","decl":{"start":{"line":79,"column":15},"end":{"line":79,"column":16}},"loc":{"start":{"line":79,"column":22},"end":{"line":79,"column":73}},"line":79},"6":{"name":"(anonymous_6)","decl":{"start":{"line":86,"column":16},"end":{"line":86,"column":17}},"loc":{"start":{"line":86,"column":23},"end":{"line":86,"column":89}},"line":86}},"branchMap":{"0":{"loc":{"start":{"line":12,"column":4},"end":{"line":12,"column":70}},"type":"if","locations":[{"start":{"line":12,"column":4},"end":{"line":12,"column":70}},{"start":{},"end":{}}],"line":12},"1":{"loc":{"start":{"line":12,"column":8},"end":{"line":12,"column":58}},"type":"binary-expr","locations":[{"start":{"line":12,"column":8},"end":{"line":12,"column":21}},{"start":{"line":12,"column":25},"end":{"line":12,"column":43}},{"start":{"line":12,"column":47},"end":{"line":12,"column":58}}],"line":12},"2":{"loc":{"start":{"line":15,"column":4},"end":{"line":15,"column":47}},"type":"if","locations":[{"start":{"line":15,"column":4},"end":{"line":15,"column":47}},{"start":{},"end":{}}],"line":15},"3":{"loc":{"start":{"line":15,"column":8},"end":{"line":15,"column":35}},"type":"binary-expr","locations":[{"start":{"line":15,"column":8},"end":{"line":15,"column":16}},{"start":{"line":15,"column":20},"end":{"line":15,"column":35}}],"line":15},"4":{"loc":{"start":{"line":18,"column":11},"end":{"line":18,"column":52}},"type":"cond-expr","locations":[{"start":{"line":18,"column":19},"end":{"line":18,"column":44}},{"start":{"line":18,"column":47},"end":{"line":18,"column":52}}],"line":18},"5":{"loc":{"start":{"line":27,"column":4},"end":{"line":27,"column":69}},"type":"if","locations":[{"start":{"line":27,"column":4},"end":{"line":27,"column":69}},{"start":{},"end":{}}],"line":27},"6":{"loc":{"start":{"line":27,"column":8},"end":{"line":27,"column":55}},"type":"binary-expr","locations":[{"start":{"line":27,"column":8},"end":{"line":27,"column":20}},{"start":{"line":27,"column":24},"end":{"line":27,"column":41}},{"start":{"line":27,"column":45},"end":{"line":27,"column":55}}],"line":27},"7":{"loc":{"start":{"line":28,"column":4},"end":{"line":31,"column":5}},"type":"if","locations":[{"start":{"line":28,"column":4},"end":{"line":31,"column":5}},{"start":{},"end":{}}],"line":28},"8":{"loc":{"start":{"line":30,"column":15},"end":{"line":30,"column":45}},"type":"cond-expr","locations":[{"start":{"line":30,"column":35},"end":{"line":30,"column":39}},{"start":{"line":30,"column":42},"end":{"line":30,"column":45}}],"line":30},"9":{"loc":{"start":{"line":34,"column":4},"end":{"line":34,"column":36}},"type":"if","locations":[{"start":{"line":34,"column":4},"end":{"line":34,"column":36}},{"start":{},"end":{}}],"line":34},"10":{"loc":{"start":{"line":36,"column":11},"end":{"line":36,"column":34}},"type":"cond-expr","locations":[{"start":{"line":36,"column":24},"end":{"line":36,"column":28}},{"start":{"line":36,"column":31},"end":{"line":36,"column":34}}],"line":36},"11":{"loc":{"start":{"line":45,"column":4},"end":{"line":45,"column":69}},"type":"if","locations":[{"start":{"line":45,"column":4},"end":{"line":45,"column":69}},{"start":{},"end":{}}],"line":45},"12":{"loc":{"start":{"line":45,"column":8},"end":{"line":45,"column":55}},"type":"binary-expr","locations":[{"start":{"line":45,"column":8},"end":{"line":45,"column":20}},{"start":{"line":45,"column":24},"end":{"line":45,"column":41}},{"start":{"line":45,"column":45},"end":{"line":45,"column":55}}],"line":45},"13":{"loc":{"start":{"line":48,"column":4},"end":{"line":48,"column":36}},"type":"if","locations":[{"start":{"line":48,"column":4},"end":{"line":48,"column":36}},{"start":{},"end":{}}],"line":48},"14":{"loc":{"start":{"line":50,"column":11},"end":{"line":50,"column":34}},"type":"cond-expr","locations":[{"start":{"line":50,"column":24},"end":{"line":50,"column":28}},{"start":{"line":50,"column":31},"end":{"line":50,"column":34}}],"line":50},"15":{"loc":{"start":{"line":59,"column":4},"end":{"line":59,"column":24}},"type":"if","locations":[{"start":{"line":59,"column":4},"end":{"line":59,"column":24}},{"start":{},"end":{}}],"line":59},"16":{"loc":{"start":{"line":61,"column":4},"end":{"line":61,"column":43}},"type":"if","locations":[{"start":{"line":61,"column":4},"end":{"line":61,"column":43}},{"start":{},"end":{}}],"line":61},"17":{"loc":{"start":{"line":63,"column":11},"end":{"line":63,"column":51}},"type":"cond-expr","locations":[{"start":{"line":63,"column":41},"end":{"line":63,"column":44}},{"start":{"line":63,"column":47},"end":{"line":63,"column":51}}],"line":63},"18":{"loc":{"start":{"line":63,"column":12},"end":{"line":63,"column":37}},"type":"binary-expr","locations":[{"start":{"line":63,"column":12},"end":{"line":63,"column":25}},{"start":{"line":63,"column":29},"end":{"line":63,"column":37}}],"line":63},"19":{"loc":{"start":{"line":72,"column":16},"end":{"line":72,"column":21}},"type":"default-arg","locations":[{"start":{"line":72,"column":20},"end":{"line":72,"column":21}}],"line":72},"20":{"loc":{"start":{"line":72,"column":26},"end":{"line":72,"column":93}},"type":"cond-expr","locations":[{"start":{"line":72,"column":38},"end":{"line":72,"column":41}},{"start":{"line":72,"column":45},"end":{"line":72,"column":92}}],"line":72},"21":{"loc":{"start":{"line":72,"column":45},"end":{"line":72,"column":92}},"type":"cond-expr","locations":[{"start":{"line":72,"column":53},"end":{"line":72,"column":65}},{"start":{"line":72,"column":68},"end":{"line":72,"column":92}}],"line":72},"22":{"loc":{"start":{"line":79,"column":22},"end":{"line":79,"column":73}},"type":"cond-expr","locations":[{"start":{"line":79,"column":34},"end":{"line":79,"column":37}},{"start":{"line":79,"column":40},"end":{"line":79,"column":73}}],"line":79},"23":{"loc":{"start":{"line":86,"column":23},"end":{"line":86,"column":89}},"type":"cond-expr","locations":[{"start":{"line":86,"column":27},"end":{"line":86,"column":83}},{"start":{"line":86,"column":86},"end":{"line":86,"column":89}}],"line":86}},"s":{"0":1,"1":46,"2":6,"3":40,"4":40,"5":5,"6":35,"7":35,"8":35,"9":1,"10":46,"11":3,"12":43,"13":14,"14":29,"15":29,"16":3,"17":26,"18":26,"19":1,"20":26,"21":3,"22":23,"23":23,"24":2,"25":21,"26":21,"27":1,"28":20,"29":4,"30":16,"31":16,"32":5,"33":11,"34":11,"35":1,"36":7,"37":1,"38":6,"39":1,"40":5,"41":1},"f":{"0":46,"1":46,"2":26,"3":20,"4":7,"5":6,"6":5},"b":{"0":[6,40],"1":[46,44,42],"2":[5,35],"3":[40,39],"4":[19,16],"5":[3,43],"6":[46,45,44],"7":[14,29],"8":[2,12],"9":[3,26],"10":[9,17],"11":[3,23],"12":[26,25,24],"13":[2,21],"14":[6,15],"15":[4,16],"16":[5,11],"17":[8,3],"18":[11,11],"19":[5],"20":[2,5],"21":[2,3],"22":[2,4],"23":[2,3]},"_coverageSchema":"1a1c01bbd47fc00a2c39e90264f33305004495a9","hash":"64f738f69e2ea7655b7196f202d4cdf4db4b088f"}
}
