TN:
SF:src/aggregation.js
FN:13,(anonymous_0)
FN:19,(anonymous_1)
FN:30,(anonymous_2)
FN:107,(anonymous_3)
FN:108,(anonymous_4)
FN:118,(anonymous_5)
FN:156,(anonymous_6)
FN:159,(anonymous_7)
FN:172,(anonymous_8)
FNF:9
FNH:9
FNDA:22,(anonymous_0)
FNDA:1,(anonymous_1)
FNDA:34,(anonymous_2)
FNDA:34,(anonymous_3)
FNDA:34,(anonymous_4)
FNDA:13,(anonymous_5)
FNDA:2059,(anonymous_6)
FNDA:2063,(anonymous_7)
FNDA:5,(anonymous_8)
DA:13,2
DA:14,22
DA:17,22
DA:18,1046
DA:19,34
DA:24,34
DA:26,1046
DA:30,22
DA:31,34
DA:32,34
DA:34,34
DA:53,34
DA:55,1046
DA:56,1042
DA:57,1042
DA:58,1041
DA:59,1041
DA:61,1042
DA:62,1042
DA:63,1042
DA:65,1042
DA:66,1042
DA:67,1042
DA:71,1046
DA:72,1046
DA:73,1046
DA:74,1046
DA:76,1046
DA:77,1046
DA:78,1046
DA:80,1046
DA:81,1046
DA:82,1046
DA:86,1046
DA:87,1041
DA:88,170
DA:91,1046
DA:95,34
DA:96,34
DA:97,34
DA:98,34
DA:99,34
DA:100,34
DA:102,34
DA:106,22
DA:107,34
DA:108,34
DA:118,2
DA:119,13
DA:130,13
DA:131,13
DA:133,13
DA:135,1033
DA:136,1029
DA:137,159
DA:140,1033
DA:143,1033
DA:146,1033
DA:147,1033
DA:150,1033
DA:151,1033
DA:155,13
DA:156,2059
DA:158,13
DA:159,2063
DA:162,13
DA:172,2
DA:173,5
DA:174,5
DA:175,12
DA:176,12
DA:177,12
DA:179,5
DA:182,2
LF:74
LH:74
BRDA:13,0,0,1
BRDA:18,1,0,34
BRDA:18,1,1,1012
BRDA:19,2,0,34
BRDA:19,2,1,33
BRDA:55,3,0,1042
BRDA:55,3,1,4
BRDA:56,4,0,1042
BRDA:56,4,1,1037
BRDA:57,5,0,1041
BRDA:57,5,1,1
BRDA:61,6,0,1042
BRDA:61,6,1,0
BRDA:65,7,0,1042
BRDA:65,7,1,0
BRDA:71,8,0,1046
BRDA:71,8,1,1041
BRDA:72,9,0,1046
BRDA:72,9,1,0
BRDA:76,10,0,1046
BRDA:76,10,1,0
BRDA:80,11,0,1046
BRDA:80,11,1,0
BRDA:86,12,0,5
BRDA:86,12,1,1041
BRDA:87,13,0,871
BRDA:87,13,1,170
BRDA:88,14,0,170
BRDA:88,14,1,0
BRDA:91,15,0,2
BRDA:91,15,1,1044
BRDA:91,16,0,1046
BRDA:91,16,1,1045
BRDA:95,17,0,33
BRDA:95,17,1,1
BRDA:96,18,0,34
BRDA:96,18,1,0
BRDA:97,19,0,34
BRDA:97,19,1,0
BRDA:98,20,0,34
BRDA:98,20,1,0
BRDA:99,21,0,34
BRDA:99,21,1,0
BRDA:100,22,0,34
BRDA:100,22,1,0
BRDA:135,23,0,4
BRDA:135,23,1,1029
BRDA:136,24,0,870
BRDA:136,24,1,159
BRDA:137,25,0,159
BRDA:137,25,1,0
BRDA:140,26,0,3
BRDA:140,26,1,1030
BRDA:140,27,0,1030
BRDA:140,27,1,1026
BRDA:140,28,0,1033
BRDA:140,28,1,1029
BRDA:143,29,0,2
BRDA:143,29,1,1031
BRDA:143,30,0,1033
BRDA:143,30,1,1032
BRDA:146,31,0,1028
BRDA:146,31,1,5
BRDA:146,32,0,1033
BRDA:146,32,1,1030
BRDA:147,33,0,1031
BRDA:147,33,1,2
BRDA:150,34,0,1030
BRDA:150,34,1,3
BRDA:150,35,0,1033
BRDA:150,35,1,1030
BRDA:151,36,0,1033
BRDA:151,36,1,0
BRDA:155,37,0,12
BRDA:155,37,1,1
BRDA:158,38,0,12
BRDA:158,38,1,1
BRDA:175,39,0,12
BRDA:175,39,1,2
BRDA:176,40,0,8
BRDA:176,40,1,4
BRF:81
BRH:68
end_of_record
TN:
SF:src/colorClassification.js
FN:23,(anonymous_0)
FN:36,(anonymous_1)
FN:49,(anonymous_2)
FN:66,(anonymous_3)
FN:83,(anonymous_4)
FN:100,(anonymous_5)
FN:113,(anonymous_6)
FN:126,(anonymous_7)
FN:138,(anonymous_8)
FNF:9
FNH:9
FNDA:102,(anonymous_0)
FNDA:5,(anonymous_1)
FNDA:3,(anonymous_2)
FNDA:80,(anonymous_3)
FNDA:25,(anonymous_4)
FNDA:6,(anonymous_5)
FNDA:3,(anonymous_6)
FNDA:3,(anonymous_7)
FNDA:6,(anonymous_8)
DA:11,2
DA:23,2
DA:24,102
DA:25,98
DA:26,98
DA:27,98
DA:36,2
DA:37,5
DA:38,4
DA:39,4
DA:40,4
DA:49,2
DA:50,3
DA:51,3
DA:52,3
DA:53,3
DA:66,2
DA:67,80
DA:68,76
DA:69,76
DA:70,76
DA:83,2
DA:84,25
DA:85,19
DA:86,19
DA:87,14
DA:88,14
DA:89,14
DA:90,14
DA:100,2
DA:101,6
DA:102,6
DA:103,6
DA:104,6
DA:113,2
DA:114,3
DA:115,3
DA:116,3
DA:117,3
DA:126,2
DA:127,3
DA:128,3
DA:129,3
DA:130,3
DA:138,2
DA:139,6
DA:140,4
DA:143,2
LF:48
LH:48
BRDA:23,0,0,74
BRDA:24,1,0,4
BRDA:24,1,1,98
BRDA:24,2,0,102
BRDA:24,2,1,100
BRDA:25,3,0,98
BRDA:25,3,1,0
BRDA:26,4,0,98
BRDA:26,4,1,0
BRDA:27,5,0,25
BRDA:27,5,1,73
BRDA:27,6,0,59
BRDA:27,6,1,14
BRDA:36,7,0,5
BRDA:37,8,0,1
BRDA:37,8,1,4
BRDA:37,9,0,5
BRDA:37,9,1,4
BRDA:38,10,0,4
BRDA:38,10,1,0
BRDA:39,11,0,4
BRDA:39,11,1,0
BRDA:40,12,0,2
BRDA:40,12,1,2
BRDA:40,13,0,1
BRDA:40,13,1,1
BRDA:49,14,0,3
BRDA:50,15,0,0
BRDA:50,15,1,3
BRDA:50,16,0,3
BRDA:50,16,1,3
BRDA:51,17,0,3
BRDA:51,17,1,0
BRDA:52,18,0,3
BRDA:52,18,1,0
BRDA:53,19,0,1
BRDA:53,19,1,2
BRDA:53,20,0,1
BRDA:53,20,1,1
BRDA:66,21,0,74
BRDA:67,22,0,4
BRDA:67,22,1,76
BRDA:67,23,0,80
BRDA:67,23,1,78
BRDA:68,24,0,76
BRDA:68,24,1,0
BRDA:69,25,0,76
BRDA:69,25,1,0
BRDA:70,26,0,24
BRDA:70,26,1,52
BRDA:70,27,0,40
BRDA:70,27,1,12
BRDA:83,28,0,22
BRDA:84,29,0,6
BRDA:84,29,1,19
BRDA:86,30,0,5
BRDA:86,30,1,14
BRDA:88,31,0,14
BRDA:88,31,1,0
BRDA:89,32,0,14
BRDA:89,32,1,0
BRDA:90,33,0,6
BRDA:90,33,1,8
BRDA:90,34,0,7
BRDA:90,34,1,1
BRDA:100,35,0,3
BRDA:101,36,0,0
BRDA:101,36,1,6
BRDA:101,37,0,6
BRDA:101,37,1,6
BRDA:102,38,0,6
BRDA:102,38,1,0
BRDA:103,39,0,6
BRDA:103,39,1,0
BRDA:104,40,0,2
BRDA:104,40,1,4
BRDA:104,41,0,2
BRDA:104,41,1,2
BRDA:113,42,0,3
BRDA:114,43,0,0
BRDA:114,43,1,3
BRDA:114,44,0,3
BRDA:114,44,1,3
BRDA:115,45,0,3
BRDA:115,45,1,0
BRDA:116,46,0,3
BRDA:116,46,1,0
BRDA:117,47,0,1
BRDA:117,47,1,2
BRDA:117,48,0,1
BRDA:117,48,1,1
BRDA:126,49,0,3
BRDA:127,50,0,0
BRDA:127,50,1,3
BRDA:127,51,0,3
BRDA:127,51,1,3
BRDA:128,52,0,3
BRDA:128,52,1,0
BRDA:129,53,0,3
BRDA:129,53,1,0
BRDA:130,54,0,1
BRDA:130,54,1,2
BRDA:130,55,0,1
BRDA:130,55,1,1
BRDA:139,56,0,2
BRDA:139,56,1,4
BRDA:139,57,0,6
BRDA:139,57,1,5
BRDA:140,58,0,3
BRDA:140,58,1,1
BRF:110
BRH:90
end_of_record
TN:
SF:src/dataModels.js
FN:16,(anonymous_0)
FN:70,(anonymous_1)
FN:80,(anonymous_2)
FN:128,(anonymous_3)
FN:142,(anonymous_4)
FN:172,(anonymous_5)
FN:196,(anonymous_6)
FN:198,(anonymous_7)
FNF:8
FNH:5
FNDA:1244,(anonymous_0)
FNDA:0,(anonymous_1)
FNDA:1238,(anonymous_2)
FNDA:7,(anonymous_3)
FNDA:6,(anonymous_4)
FNDA:12,(anonymous_5)
FNDA:0,(anonymous_6)
FNDA:0,(anonymous_7)
DA:16,1244
DA:70,3
DA:80,3
DA:81,1238
DA:82,1238
DA:84,1238
DA:128,3
DA:129,7
DA:142,3
DA:143,6
DA:172,3
DA:173,12
DA:184,3
DA:196,3
DA:197,0
DA:198,0
DA:201,3
LF:17
LH:15
BRDA:16,0,0,0
BRDA:70,1,0,0
BRDA:80,2,0,9
BRDA:128,3,0,3
BRDA:142,4,0,3
BRDA:172,5,0,0
BRDA:197,6,0,0
BRDA:197,6,1,0
BRDA:198,7,0,0
BRDA:198,7,1,0
BRF:10
BRH:3
end_of_record
TN:
SF:src/dynamicLegend.js
FN:15,(anonymous_0)
FN:96,(anonymous_1)
FN:98,(anonymous_2)
FNF:3
FNH:3
FNDA:52,(anonymous_0)
FNDA:7,(anonymous_1)
FNDA:4,(anonymous_2)
DA:6,2
DA:15,2
DA:16,52
DA:19,52
DA:22,52
DA:23,38
DA:25,52
DA:26,1
DA:28,52
DA:29,1
DA:31,52
DA:32,37
DA:34,52
DA:35,1
DA:37,52
DA:38,1
DA:41,52
DA:44,52
DA:50,52
DA:51,36
DA:53,52
DA:54,1
DA:58,52
DA:59,52
DA:61,52
DA:64,52
DA:70,52
DA:71,1
DA:73,52
DA:74,1
DA:78,52
DA:81,52
DA:82,3
DA:85,52
DA:87,52
DA:96,2
DA:97,7
DA:98,4
DA:99,4
DA:103,2
LF:40
LH:40
BRDA:16,0,0,52
BRDA:16,0,1,6
BRDA:22,1,0,38
BRDA:22,1,1,14
BRDA:22,2,0,52
BRDA:22,2,1,13
BRDA:25,3,0,1
BRDA:25,3,1,51
BRDA:25,4,0,52
BRDA:25,4,1,15
BRDA:28,5,0,1
BRDA:28,5,1,51
BRDA:28,6,0,52
BRDA:28,6,1,15
BRDA:31,7,0,37
BRDA:31,7,1,15
BRDA:31,8,0,52
BRDA:31,8,1,15
BRDA:34,9,0,1
BRDA:34,9,1,51
BRDA:34,10,0,52
BRDA:34,10,1,51
BRDA:37,11,0,1
BRDA:37,11,1,51
BRDA:37,12,0,52
BRDA:37,12,1,51
BRDA:45,13,0,52
BRDA:45,13,1,15
BRDA:46,14,0,52
BRDA:46,14,1,15
BRDA:50,15,0,36
BRDA:50,15,1,16
BRDA:50,16,0,52
BRDA:50,16,1,16
BRDA:53,17,0,1
BRDA:53,17,1,51
BRDA:53,18,0,52
BRDA:53,18,1,51
BRDA:58,19,0,52
BRDA:58,19,1,15
BRDA:59,20,0,52
BRDA:59,20,1,15
BRDA:65,21,0,52
BRDA:65,21,1,13
BRDA:66,22,0,52
BRDA:66,22,1,15
BRDA:70,23,0,1
BRDA:70,23,1,51
BRDA:70,24,0,52
BRDA:70,24,1,11
BRDA:71,25,0,1
BRDA:71,25,1,0
BRDA:73,26,0,1
BRDA:73,26,1,51
BRDA:73,27,0,52
BRDA:73,27,1,15
BRDA:74,28,0,1
BRDA:74,28,1,0
BRDA:78,29,0,52
BRDA:78,29,1,15
BRDA:81,30,0,3
BRDA:81,30,1,49
BRDA:81,31,0,52
BRDA:81,31,1,15
BRDA:82,32,0,3
BRDA:82,32,1,0
BRDA:97,33,0,3
BRDA:97,33,1,4
BRDA:99,34,0,3
BRDA:99,34,1,1
BRF:70
BRH:67
end_of_record
TN:
SF:src/encoding.js
FN:13,(anonymous_0)
FN:42,(anonymous_1)
FN:72,(anonymous_2)
FNF:3
FNH:3
FNDA:44,(anonymous_0)
FNDA:26,(anonymous_1)
FNDA:10,(anonymous_2)
DA:13,2
DA:14,44
DA:18,44
DA:20,44
DA:23,0
DA:27,44
DA:28,44
DA:29,108446
DA:30,108446
DA:33,43
DA:42,2
DA:43,26
DA:47,26
DA:49,26
DA:52,0
DA:55,24
DA:58,23
DA:59,23
DA:60,97751
DA:61,97751
DA:64,23
DA:72,2
DA:73,10
DA:74,10
DA:75,100058
DA:76,100058
DA:78,10
DA:81,2
LF:28
LH:26
BRDA:18,0,0,44
BRDA:18,0,1,0
BRDA:47,1,0,26
BRDA:47,1,1,0
BRF:4
BRH:2
end_of_record
TN:
SF:src/index.js
FNF:0
FNH:0
DA:6,0
DA:7,0
DA:8,0
DA:9,0
DA:10,0
DA:11,0
DA:12,0
DA:13,0
DA:15,0
LF:9
LH:0
BRF:0
BRH:0
end_of_record
TN:
SF:src/riskCalculator.js
FN:13,(anonymous_0)
FN:36,(anonymous_1)
FN:293,(anonymous_2)
FN:308,(anonymous_3)
FNF:4
FNH:4
FNDA:2180,(anonymous_0)
FNDA:1092,(anonymous_1)
FNDA:3,(anonymous_2)
FNDA:8,(anonymous_3)
DA:6,2
DA:13,2
DA:14,2180
DA:15,2142
DA:16,2142
DA:17,2141
DA:18,2141
DA:36,2
DA:38,1092
DA:40,1092
DA:41,1092
DA:42,1092
DA:43,1092
DA:45,1092
DA:46,1092
DA:50,1092
DA:51,1092
DA:52,1092
DA:56,1092
DA:57,13
DA:58,13
DA:60,1092
DA:61,4
DA:62,4
DA:66,1092
DA:67,10
DA:68,10
DA:69,10
DA:73,1092
DA:74,1092
DA:75,1092
DA:76,0
DA:77,0
DA:79,1092
DA:80,0
DA:81,0
DA:86,1092
DA:87,1092
DA:88,1
DA:89,1
DA:91,1092
DA:92,1
DA:93,1
DA:97,1092
DA:98,1092
DA:99,1
DA:100,1
DA:102,1092
DA:103,1
DA:104,1
DA:108,1092
DA:109,1092
DA:110,1087
DA:111,1
DA:112,1
DA:114,1087
DA:115,1
DA:116,1
DA:121,1092
DA:122,1092
DA:123,0
DA:124,0
DA:125,0
DA:127,0
DA:128,0
DA:129,0
DA:134,1092
DA:135,1092
DA:136,1
DA:137,1
DA:141,1092
DA:143,1064
DA:144,1064
DA:147,1064
DA:148,1064
DA:149,310
DA:150,310
DA:152,1064
DA:153,2
DA:154,2
DA:158,1064
DA:159,1064
DA:160,767
DA:161,767
DA:163,1064
DA:164,1
DA:165,1
DA:169,1064
DA:170,1064
DA:171,1058
DA:172,1
DA:173,1
DA:175,1058
DA:176,1
DA:177,1
DA:182,1064
DA:183,1064
DA:184,0
DA:185,0
DA:186,0
DA:188,0
DA:189,0
DA:190,0
DA:195,1064
DA:196,1064
DA:197,3
DA:198,3
DA:200,1064
DA:201,3
DA:202,3
DA:206,1064
DA:207,1064
DA:208,2
DA:209,2
DA:213,1064
DA:214,248
DA:215,248
DA:220,1092
DA:221,816
DA:222,816
DA:223,816
DA:224,816
DA:225,816
DA:226,816
DA:229,816
DA:230,816
DA:231,816
DA:232,816
DA:234,816
DA:237,816
DA:238,816
DA:241,816
DA:242,816
DA:243,816
DA:247,816
DA:248,1
DA:249,1
DA:253,816
DA:254,0
DA:255,0
DA:259,816
DA:260,816
DA:263,816
DA:265,816
DA:267,641
DA:268,641
DA:269,641
DA:270,641
DA:271,641
DA:272,641
DA:273,641
DA:274,641
DA:275,641
DA:276,641
DA:277,641
DA:278,641
DA:283,1092
DA:284,28
DA:285,28
DA:287,4
DA:290,24
DA:293,28
DA:294,2
DA:295,2
DA:299,1092
DA:308,2
DA:309,8
DA:310,1021
DA:311,1021
DA:312,1021
DA:314,8
DA:317,2
LF:172
LH:154
BRDA:14,0,0,38
BRDA:14,0,1,2142
BRDA:16,1,0,1
BRDA:16,1,1,2141
BRDA:18,2,0,2141
BRDA:18,2,1,0
BRDA:18,3,0,2141
BRDA:18,3,1,2141
BRDA:36,4,0,1
BRDA:38,5,0,1092
BRDA:38,5,1,1
BRDA:45,6,0,8
BRDA:45,6,1,1084
BRDA:50,7,0,8
BRDA:50,7,1,1084
BRDA:50,8,0,1084
BRDA:50,8,1,9
BRDA:50,8,2,8
BRDA:51,9,0,1092
BRDA:51,9,1,12
BRDA:51,9,2,11
BRDA:52,10,0,1092
BRDA:52,10,1,8
BRDA:56,11,0,13
BRDA:56,11,1,1079
BRDA:56,12,0,1092
BRDA:56,12,1,1084
BRDA:56,13,0,1084
BRDA:56,13,1,1070
BRDA:60,14,0,4
BRDA:60,14,1,1088
BRDA:60,15,0,1092
BRDA:60,15,1,1088
BRDA:66,16,0,10
BRDA:66,16,1,1082
BRDA:66,17,0,1092
BRDA:66,17,1,1085
BRDA:66,17,2,8
BRDA:73,18,0,1092
BRDA:73,18,1,1092
BRDA:74,19,0,1092
BRDA:74,19,1,0
BRDA:75,20,0,0
BRDA:75,20,1,1092
BRDA:75,21,0,1092
BRDA:75,21,1,1084
BRDA:75,21,2,1083
BRDA:79,22,0,0
BRDA:79,22,1,1092
BRDA:79,23,0,1092
BRDA:79,23,1,1091
BRDA:86,24,0,1092
BRDA:86,24,1,4
BRDA:87,25,0,1
BRDA:87,25,1,1091
BRDA:87,26,0,1092
BRDA:87,26,1,1084
BRDA:87,26,2,1076
BRDA:91,27,0,1
BRDA:91,27,1,1091
BRDA:91,28,0,1092
BRDA:91,28,1,1081
BRDA:97,29,0,1092
BRDA:97,29,1,4
BRDA:98,30,0,1
BRDA:98,30,1,1091
BRDA:98,31,0,1092
BRDA:98,31,1,1084
BRDA:98,31,2,1067
BRDA:102,32,0,1
BRDA:102,32,1,1091
BRDA:102,33,0,1092
BRDA:102,33,1,1072
BRDA:108,34,0,1092
BRDA:108,34,1,5
BRDA:109,35,0,1087
BRDA:109,35,1,5
BRDA:110,36,0,1
BRDA:110,36,1,1086
BRDA:110,37,0,1087
BRDA:110,37,1,1079
BRDA:110,37,2,1078
BRDA:114,38,0,1
BRDA:114,38,1,1086
BRDA:114,39,0,1087
BRDA:114,39,1,1086
BRDA:121,40,0,1092
BRDA:121,40,1,1092
BRDA:122,41,0,0
BRDA:122,41,1,1092
BRDA:123,42,0,0
BRDA:123,42,1,0
BRDA:123,43,0,0
BRDA:123,43,1,0
BRDA:123,43,2,0
BRDA:127,44,0,0
BRDA:127,44,1,0
BRDA:127,45,0,0
BRDA:127,45,1,0
BRDA:134,46,0,1092
BRDA:134,46,1,3
BRDA:135,47,0,1
BRDA:135,47,1,1091
BRDA:135,48,0,1092
BRDA:135,48,1,16
BRDA:141,49,0,1064
BRDA:141,49,1,28
BRDA:147,50,0,1064
BRDA:147,50,1,4
BRDA:148,51,0,310
BRDA:148,51,1,754
BRDA:148,52,0,1064
BRDA:148,52,1,1060
BRDA:148,52,2,1059
BRDA:152,53,0,2
BRDA:152,53,1,1062
BRDA:152,54,0,1064
BRDA:152,54,1,1063
BRDA:158,55,0,1064
BRDA:158,55,1,4
BRDA:159,56,0,767
BRDA:159,56,1,297
BRDA:159,57,0,1064
BRDA:159,57,1,1060
BRDA:159,57,2,1060
BRDA:163,58,0,1
BRDA:163,58,1,1063
BRDA:163,59,0,1064
BRDA:163,59,1,1064
BRDA:169,60,0,1064
BRDA:169,60,1,6
BRDA:170,61,0,1058
BRDA:170,61,1,6
BRDA:171,62,0,1
BRDA:171,62,1,1057
BRDA:171,63,0,1058
BRDA:171,63,1,1054
BRDA:171,63,2,1054
BRDA:175,64,0,1
BRDA:175,64,1,1057
BRDA:175,65,0,1058
BRDA:175,65,1,1058
BRDA:182,66,0,1064
BRDA:182,66,1,1064
BRDA:183,67,0,0
BRDA:183,67,1,1064
BRDA:184,68,0,0
BRDA:184,68,1,0
BRDA:184,69,0,0
BRDA:184,69,1,0
BRDA:184,69,2,0
BRDA:188,70,0,0
BRDA:188,70,1,0
BRDA:188,71,0,0
BRDA:188,71,1,0
BRDA:195,72,0,1064
BRDA:195,72,1,4
BRDA:196,73,0,3
BRDA:196,73,1,1061
BRDA:196,74,0,1064
BRDA:196,74,1,1060
BRDA:196,74,2,1051
BRDA:200,75,0,3
BRDA:200,75,1,1061
BRDA:200,76,0,1064
BRDA:200,76,1,1055
BRDA:206,77,0,1064
BRDA:206,77,1,4
BRDA:207,78,0,2
BRDA:207,78,1,1062
BRDA:207,79,0,1064
BRDA:207,79,1,8
BRDA:213,80,0,248
BRDA:213,80,1,816
BRDA:220,81,0,816
BRDA:220,81,1,276
BRDA:221,82,0,816
BRDA:221,82,1,3
BRDA:222,83,0,816
BRDA:222,83,1,4
BRDA:223,84,0,816
BRDA:223,84,1,4
BRDA:224,85,0,816
BRDA:224,85,1,4
BRDA:225,86,0,816
BRDA:225,86,1,4
BRDA:226,87,0,816
BRDA:226,87,1,4
BRDA:230,88,0,816
BRDA:230,88,1,4
BRDA:231,89,0,816
BRDA:231,89,1,4
BRDA:232,90,0,816
BRDA:232,90,1,4
BRDA:237,91,0,262
BRDA:237,91,1,554
BRDA:237,92,0,816
BRDA:237,92,1,812
BRDA:237,92,2,811
BRDA:238,93,0,2
BRDA:238,93,1,814
BRDA:238,94,0,816
BRDA:238,94,1,815
BRDA:241,95,0,816
BRDA:241,95,1,0
BRDA:242,96,0,525
BRDA:242,96,1,291
BRDA:242,97,0,816
BRDA:242,97,1,812
BRDA:242,97,2,812
BRDA:243,98,0,0
BRDA:243,98,1,816
BRDA:243,99,0,816
BRDA:243,99,1,816
BRDA:247,100,0,1
BRDA:247,100,1,815
BRDA:248,101,0,1
BRDA:248,101,1,0
BRDA:248,102,0,1
BRDA:248,102,1,1
BRDA:248,102,2,1
BRDA:249,103,0,0
BRDA:249,103,1,1
BRDA:249,104,0,1
BRDA:249,104,1,1
BRDA:253,105,0,0
BRDA:253,105,1,816
BRDA:254,106,0,0
BRDA:254,106,1,0
BRDA:254,107,0,0
BRDA:254,107,1,0
BRDA:254,107,2,0
BRDA:255,108,0,0
BRDA:255,108,1,0
BRDA:255,109,0,0
BRDA:255,109,1,0
BRDA:259,110,0,0
BRDA:259,110,1,816
BRDA:259,111,0,816
BRDA:259,111,1,812
BRDA:259,111,2,803
BRDA:260,112,0,0
BRDA:260,112,1,816
BRDA:260,113,0,816
BRDA:260,113,1,807
BRDA:263,114,0,2
BRDA:263,114,1,814
BRDA:263,115,0,816
BRDA:263,115,1,2
BRDA:263,116,0,2
BRDA:263,116,1,0
BRDA:265,117,0,641
BRDA:265,117,1,175
BRDA:268,118,0,262
BRDA:268,118,1,379
BRDA:268,119,0,641
BRDA:268,119,1,641
BRDA:268,119,2,641
BRDA:269,120,0,2
BRDA:269,120,1,639
BRDA:269,121,0,641
BRDA:269,121,1,641
BRDA:270,122,0,525
BRDA:270,122,1,116
BRDA:270,123,0,641
BRDA:270,123,1,641
BRDA:270,123,2,641
BRDA:270,123,3,641
BRDA:271,124,0,0
BRDA:271,124,1,641
BRDA:271,125,0,641
BRDA:271,125,1,641
BRDA:271,125,2,641
BRDA:272,126,0,1
BRDA:272,126,1,640
BRDA:272,127,0,641
BRDA:272,127,1,1
BRDA:272,127,2,1
BRDA:272,127,3,1
BRDA:273,128,0,0
BRDA:273,128,1,641
BRDA:273,129,0,641
BRDA:273,129,1,1
BRDA:273,129,2,1
BRDA:274,130,0,0
BRDA:274,130,1,641
BRDA:274,131,0,641
BRDA:274,131,1,0
BRDA:274,131,2,0
BRDA:274,131,3,0
BRDA:275,132,0,0
BRDA:275,132,1,641
BRDA:275,133,0,641
BRDA:275,133,1,0
BRDA:275,133,2,0
BRDA:276,134,0,0
BRDA:276,134,1,641
BRDA:276,135,0,641
BRDA:276,135,1,641
BRDA:276,135,2,641
BRDA:277,136,0,0
BRDA:277,136,1,641
BRDA:277,137,0,641
BRDA:277,137,1,641
BRDA:278,138,0,2
BRDA:278,138,1,639
BRDA:278,139,0,641
BRDA:278,139,1,2
BRDA:278,140,0,2
BRDA:278,140,1,0
BRDA:283,141,0,28
BRDA:283,141,1,1064
BRDA:285,142,0,4
BRDA:285,142,1,24
BRDA:287,143,0,4
BRDA:287,143,1,2
BRDA:290,144,0,24
BRDA:290,144,1,22
BRDA:293,145,0,2
BRDA:293,145,1,26
BRDA:293,146,0,28
BRDA:293,146,1,3
BRDA:293,146,2,3
BRDA:308,147,0,0
BRF:324
BRH:270
end_of_record
TN:
SF:src/thresholds.js
FNF:0
FNH:0
DA:8,4
DA:53,4
LF:2
LH:2
BRF:0
BRH:0
end_of_record
TN:
SF:src/utils.js
FN:11,(anonymous_0)
FN:26,(anonymous_1)
FN:44,(anonymous_2)
FN:58,(anonymous_3)
FN:72,(anonymous_4)
FN:79,(anonymous_5)
FN:86,(anonymous_6)
FNF:7
FNH:7
FNDA:46,(anonymous_0)
FNDA:46,(anonymous_1)
FNDA:26,(anonymous_2)
FNDA:20,(anonymous_3)
FNDA:7,(anonymous_4)
FNDA:6,(anonymous_5)
FNDA:5,(anonymous_6)
DA:11,1
DA:12,46
DA:14,40
DA:15,40
DA:16,35
DA:17,35
DA:18,35
DA:26,1
DA:27,46
DA:28,43
DA:30,14
DA:32,29
DA:34,29
DA:35,26
DA:36,26
DA:44,1
DA:45,26
DA:46,23
DA:48,23
DA:49,21
DA:50,21
DA:58,1
DA:59,20
DA:60,16
DA:61,16
DA:62,11
DA:63,11
DA:72,7
DA:79,6
DA:86,5
DA:88,1
LF:31
LH:31
BRDA:12,0,0,6
BRDA:12,0,1,40
BRDA:12,1,0,46
BRDA:12,1,1,44
BRDA:12,1,2,42
BRDA:15,2,0,5
BRDA:15,2,1,35
BRDA:15,3,0,40
BRDA:15,3,1,39
BRDA:18,4,0,19
BRDA:18,4,1,16
BRDA:27,5,0,3
BRDA:27,5,1,43
BRDA:27,6,0,46
BRDA:27,6,1,45
BRDA:27,6,2,44
BRDA:28,7,0,14
BRDA:28,7,1,29
BRDA:30,8,0,2
BRDA:30,8,1,12
BRDA:34,9,0,3
BRDA:34,9,1,26
BRDA:36,10,0,9
BRDA:36,10,1,17
BRDA:45,11,0,3
BRDA:45,11,1,23
BRDA:45,12,0,26
BRDA:45,12,1,25
BRDA:45,12,2,24
BRDA:48,13,0,2
BRDA:48,13,1,21
BRDA:50,14,0,6
BRDA:50,14,1,15
BRDA:59,15,0,4
BRDA:59,15,1,16
BRDA:61,16,0,5
BRDA:61,16,1,11
BRDA:63,17,0,8
BRDA:63,17,1,3
BRDA:63,18,0,11
BRDA:63,18,1,11
BRDA:72,19,0,5
BRDA:72,20,0,2
BRDA:72,20,1,5
BRDA:72,21,0,2
BRDA:72,21,1,3
BRDA:79,22,0,2
BRDA:79,22,1,4
BRDA:86,23,0,2
BRDA:86,23,1,3
BRF:50
BRH:50
end_of_record
